<?xml version="1.0" encoding="UTF-8"?>
<robot generator="Robot 6.0.2 (Python 3.9.13 on win32)" generated="20230130 11:59:28.011" rpa="false" schemaversion="3">
<suite id="s1" name="Demo1" source="C:\Users\40032431\Documents\OpenCart_Automation\Mobile Automation\Demo1.robot">
<test id="s1-t1" name="For Creating Account" line="6">
<kw name="Open Application" library="AppiumLibrary">
<arg>remote_url=http://localhost:4723/wd/hub</arg>
<arg>platformName=android</arg>
<arg>deviceName=vivo1920</arg>
<arg>appPackage=com.tellapp</arg>
<arg>appActivity=com.tellapp.MainActivity</arg>
<doc>Opens a new application to given Appium server.
Capabilities of appium server, Android and iOS,
Please check https://github.com/appium/appium/blob/master/docs/en/writing-running-appium/server-args.md
| *Option*            | *Man.* | *Description*     |
| remote_url          | Yes    | Appium server url |
| alias               | no     | alias             |
| strict_ssl          | No     | allows you to send commands to an invalid certificate host like a self-signed one. |</doc>
<status status="PASS" starttime="20230130 11:59:28.376" endtime="20230130 11:59:43.104"/>
</kw>
<kw name="Set Appium Timeout" library="AppiumLibrary">
<arg>30s</arg>
<doc>Sets the timeout in seconds used by various keywords.</doc>
<status status="PASS" starttime="20230130 11:59:43.105" endtime="20230130 11:59:43.106"/>
</kw>
<kw name="Wait Until Page Contains Element" library="AppiumLibrary">
<arg>xpath=//android.widget.TextView[@text='Get started']</arg>
<doc>Waits until element specified with `locator` appears on current page.</doc>
<msg timestamp="20230130 11:59:47.619" level="INFO">xpath criteria: //android.widget.TextView[@text='Get started']
xpath criteria: //android.widget.TextView[@text='Get started']
xpath criteria: //android.widget.TextView[@text='Get started']
xpath criteria: //android.widget.TextView[@text='Get started']
xpath criteria: //android.widget.TextView[@text='Get started']
xpath criteria: //android.widget.TextView[@text='Get started']</msg>
<status status="PASS" starttime="20230130 11:59:43.106" endtime="20230130 11:59:47.632"/>
</kw>
<kw name="Click Element" library="AppiumLibrary">
<arg>xpath=//android.widget.TextView[@text='Get started']</arg>
<doc>Click element identified by `locator`.</doc>
<msg timestamp="20230130 11:59:47.632" level="INFO">Clicking element 'xpath=//android.widget.TextView[@text='Get started']'.</msg>
<msg timestamp="20230130 11:59:47.806" level="INFO">xpath criteria: //android.widget.TextView[@text='Get started']</msg>
<status status="PASS" starttime="20230130 11:59:47.632" endtime="20230130 11:59:47.806"/>
</kw>
<kw name="Wait Until Page Contains Element" library="AppiumLibrary">
<arg>xpath=//android.widget.EditText[@text='Email']</arg>
<doc>Waits until element specified with `locator` appears on current page.</doc>
<msg timestamp="20230130 11:59:48.956" level="INFO">xpath criteria: //android.widget.EditText[@text='Email']
xpath criteria: //android.widget.EditText[@text='Email']</msg>
<status status="PASS" starttime="20230130 11:59:47.809" endtime="20230130 11:59:48.956"/>
</kw>
<kw name="Input Text" library="AppiumLibrary">
<arg>xpath=//android.widget.EditText[@text='Email']</arg>
<arg>radhikakavishwar11@gmail.com</arg>
<doc>Types the given `text` into text field identified by `locator`.</doc>
<msg timestamp="20230130 11:59:48.960" level="INFO">Typing text 'radhikakavishwar11@gmail.com' into text field 'xpath=//android.widget.EditText[@text='Email']'</msg>
<msg timestamp="20230130 11:59:50.112" level="INFO">xpath criteria: //android.widget.EditText[@text='Email']</msg>
<status status="PASS" starttime="20230130 11:59:48.956" endtime="20230130 11:59:50.114"/>
</kw>
<kw name="Click Element" library="AppiumLibrary">
<arg>xpath=(//android.widget.TextView[@text='Get started'])[2]</arg>
<doc>Click element identified by `locator`.</doc>
<msg timestamp="20230130 11:59:50.115" level="INFO">Clicking element 'xpath=(//android.widget.TextView[@text='Get started'])[2]'.</msg>
<msg timestamp="20230130 11:59:50.759" level="INFO">xpath criteria: (//android.widget.TextView[@text='Get started'])[2]</msg>
<status status="PASS" starttime="20230130 11:59:50.114" endtime="20230130 11:59:50.759"/>
</kw>
<kw name="Wait Until Page Contains Element" library="AppiumLibrary">
<arg>xpath=//android.widget.EditText[@text='First name']</arg>
<doc>Waits until element specified with `locator` appears on current page.</doc>
<msg timestamp="20230130 12:00:21.471" level="INFO">&lt;?xml version='1.0' encoding='UTF-8' standalone='yes' ?&gt;
&lt;hierarchy index="0" class="hierarchy" rotation="0" width="1080" height="2141"&gt;
  &lt;android.widget.FrameLayout index="0" package="com.vivo.upslide" class="android.widget.FrameLayout" text="" checkable="false" checked="false" clickable="false" enabled="true" focusable="false" focused="false" long-clickable="false" password="false" scrollable="false" selected="false" bounds="[0,0][1080,2141]" displayed="true"&gt;
    &lt;android.view.View index="0" package="com.vivo.upslide" class="android.view.View" text="" checkable="false" checked="false" clickable="false" enabled="true" focusable="false" focused="false" long-clickable="false" password="false" scrollable="false" selected="false" bounds="[0,0][1080,2141]" displayed="true" /&gt;
    &lt;android.view.View index="1" package="com.vivo.upslide" class="android.view.View" text="" checkable="false" checked="false" clickable="false" enabled="true" focusable="false" focused="false" long-clickable="false" password="false" scrollable="false" selected="false" bounds="[0,0][1080,2141]" displayed="true" /&gt;
    &lt;android.widget.FrameLayout index="2" package="com.vivo.upslide" class="android.widget.FrameLayout" text="" checkable="false" checked="false" clickable="false" enabled="true" focusable="false" focused="false" long-clickable="false" password="false" scrollable="false" selected="false" bounds="[0,0][1080,2141]" displayed="true"&gt;
      &lt;android.widget.FrameLayout index="0" package="com.vivo.upslide" class="android.widget.FrameLayout" text="" checkable="false" checked="false" clickable="false" enabled="true" focusable="false" focused="false" long-clickable="false" password="false" scrollable="false" selected="false" bounds="[0,0][1080,2141]" displayed="true"&gt;
        &lt;android.widget.LinearLayout index="0" package="com.vivo.upslide" class="android.widget.LinearLayout" text="" checkable="false" checked="false" clickable="false" enabled="true" focusable="false" focused="false" long-clickable="false" password="false" scrollable="false" selected="false" bounds="[0,0][1080,2141]" displayed="true"&gt;
          &lt;android.widget.LinearLayout index="1" package="com.vivo.upslide" class="android.widget.LinearLayout" text="" checkable="false" checked="false" clickable="false" enabled="true" focusable="false" focused="false" long-clickable="false" password="false" scrollable="false" selected="false" bounds="[0,0][1080,1068]" displayed="true"&gt;
            &lt;android.widget.RelativeLayout index="0" package="com.vivo.upslide" class="android.widget.RelativeLayout" text="" resource-id="com.vivo.upslide:id/shortcut_center_header" checkable="false" checked="false" clickable="false" enabled="true" focusable="false" focused="false" long-clickable="false" password="false" scrollable="false" selected="false" bounds="[0,0][1080,188]" displayed="true"&gt;
              &lt;android.widget.LinearLayout index="0" package="com.vivo.upslide" class="android.widget.LinearLayout" text="" checkable="false" checked="false" clickable="false" enabled="true" focusable="false" focused="false" long-clickable="false" password="false" scrollable="false" selected="false" bounds="[48,99][1032,188]" displayed="true"&gt;
                &lt;android.widget.TextView index="0" package="com.vivo.upslide" class="android.widget.TextView" text="Shortcut center" resource-id="com.vivo.upslide:id/shortcut_center_title" checkable="false" checked="false" clickable="false" enabled="true" focusable="false" focused="false" long-clickable="false" password="false" scrollable="false" selected="false" bounds="[48,111][828,176]" displayed="true" /&gt;
                &lt;android.widget.FrameLayout index="1" package="com.vivo.upslide" class="android.widget.FrameLayout" text="" checkable="false" checked="false" clickable="false" enabled="true" focusable="false" focused="false" long-clickable="false" password="false" scrollable="false" selected="false" bounds="[828,107][900,179]" displayed="true"&gt;
                  &lt;android.widget.ImageButton index="0" package="com.vivo.upslide" class="android.widget.ImageButton" text="" resource-id="com.vivo.upslide:id/btn_shortcut_setting" checkable="false" checked="false" clickable="true" enabled="true" focusable="true" focused="false" long-clickable="false" password="false" scrollable="false" selected="false" bounds="[828,107][900,179]" displayed="true" /&gt;
                &lt;/android.widget.FrameLayout&gt;
                &lt;android.widget.ImageButton index="2" package="com.vivo.upslide" class="android.widget.ImageButton" text="" resource-id="com.vivo.upslide:id/btn_shortcut_collapse" checkable="false" checked="false" clickable="true" enabled="true" focusable="true" focused="false" long-clickable="false" password="false" scrollable="false" selected="false" bounds="[960,107][1032,179]" displayed="true" /&gt;
              &lt;/android.widget.LinearLayout&gt;
            &lt;/android.widget.RelativeLayout&gt;
            &lt;android.widget.FrameLayout index="1" package="com.vivo.upslide" class="android.widget.FrameLayout" text="" resource-id="com.vivo.upslide:id/shortcuts_container" checkable="false" checked="false" clickable="false" enabled="true" focusable="false" focused="false" long-clickable="false" password="false" scrollable="false" selected="false" bounds="[0,188][1080,1068]" displayed="true"&gt;
              &lt;android.view.ViewGroup index="0" package="com.vivo.shortcutcenter" class="android.view.ViewGroup" text="" checkable="false" checked="false" clickable="false" enabled="true" focusable="false" focused="false" long-clickable="false" password="false" scrollable="false" selected="false" bounds="[48,188][1032,1026]" displayed="true"&gt;
                &lt;android.widget.FrameLayout index="0" package="com.vivo.shortcutcenter" class="android.widget.FrameLayout" text="" checkable="false" checked="false" clickable="true" enabled="true" focusable="true" focused="false" long-clickable="true" password="false" scrollable="false" selected="false" bounds="[48,618][522,804]" displayed="true"&gt;
                  &lt;android.widget.LinearLayout index="0" package="com.vivo.shortcutcenter" class="android.widget.LinearLayout" text="" checkable="false" checked="false" clickable="false" enabled="true" focusable="false" focused="false" long-clickable="false" password="false" scrollable="false" selected="false" bounds="[78,618][522,804]" displayed="true"&gt;
                    &lt;android.widget.ImageView index="0" package="com.vivo.shortcutcenter" class="android.widget.ImageView" text="" resource-id="com.vivo.shortcutcenter:id/shortcut_icon" checkable="false" checked="false" clickable="false" enabled="true" focusable="false" focused="false" long-clickable="false" password="false" scrollable="false" selected="false" bounds="[78,675][150,747]" displayed="true" /&gt;
                    &lt;android.widget.LinearLayout index="1" package="com.vivo.shortcutcenter" class="android.widget.LinearLayout" text="" checkable="false" checked="false" clickable="false" enabled="true" focusable="false" focused="false" long-clickable="false" password="false" scrollable="false" selected="false" bounds="[168,661][486,760]" displayed="true"&gt;
                      &lt;android.widget.TextView index="0" package="com.vivo.shortcutcenter" class="android.widget.TextView" text="Tomorrow's reminder" resource-id="com.vivo.shortcutcenter:id/shortcut_title" checkable="false" checked="false" clickable="false" enabled="true" focusable="false" focused="false" long-clickable="false" password="false" scrollable="false" selected="false" bounds="[168,661][486,760]" displayed="true" /&gt;
                    &lt;/android.widget.LinearLayout&gt;
                  &lt;/android.widget.LinearLayout&gt;
                &lt;/android.widget.FrameLayout&gt;
                &lt;android.widget.FrameLayout index="1" package="com.vivo.shortcutcenter" class="android.widget.FrameLayout" text="" checkable="false" checked="false" clickable="true" enabled="true" focusable="true" focused="false" long-clickable="true" password="false" scrollable="false" selected="false" bounds="[558,618][1032,804]" displayed="true"&gt;
                  &lt;android.widget.LinearLayout index="0" package="com.vivo.shortcutcenter" class="android.widget.LinearLayout" text="" checkable="false" checked="false" clickable="false" enabled="true" focusable="false" focused="false" long-clickable="false" password="false" scrollable="false" selected="false" bounds="[588,618][1032,804]" displayed="true"&gt;
                    &lt;android.widget.ImageView index="0" package="com.vivo.shortcutcenter" class="android.widget.ImageView" text="" resource-id="com.vivo.shortcutcenter:id/shortcut_icon" checkable="false" checked="false" clickable="false" enabled="true" focusable="false" focused="false" long-clickable="false" password="false" scrollable="false" selected="false" bounds="[588,675][660,747]" displayed="true" /&gt;
                    &lt;android.widget.LinearLayout index="1" package="com.vivo.shortcutcenter" class="android.widget.LinearLayout" text="" checkable="false" checked="false" clickable="false" enabled="true" focusable="false" focused="false" long-clickable="false" password="false" scrollable="false" selected="false" bounds="[678,684][996,737]" displayed="true"&gt;
                      &lt;android.widget.TextView index="0" package="com.vivo.shortcutcenter" class="android.widget.TextView" text="View files" resource-id="com.vivo.shortcutcenter:id/shortcut_title" checkable="false" checked="false" clickable="false" enabled="true" focusable="false" focused="false" long-clickable="false" password="false" scrollable="false" selected="false" bounds="[678,684][996,737]" displayed="true" /&gt;
                    &lt;/android.widget.LinearLayout&gt;
                  &lt;/android.widget.LinearLayout&gt;
                &lt;/android.widget.FrameLayout&gt;
                &lt;android.widget.FrameLayout index="2" package="com.vivo.shortcutcenter" class="android.widget.FrameLayout" text="" checkable="false" checked="false" clickable="true" enabled="true" focusable="true" focused="false" long-clickable="true" password="false" scrollable="false" selected="false" bounds="[48,840][522,1026]" displayed="true"&gt;
                  &lt;android.widget.LinearLayout index="0" package="com.vivo.shortcutcenter" class="android.widget.LinearLayout" text="" checkable="false" checked="false" clickable="false" enabled="true" focusable="false" focused="false" long-clickable="false" password="false" scrollable="false" selected="false" bounds="[78,840][522,1026]" displayed="true"&gt;
                    &lt;android.widget.ImageView index="0" package="com.vivo.shortcutcenter" class="android.widget.ImageView" text="" resource-id="com.vivo.shortcutcenter:id/shortcut_icon" checkable="false" checked="false" clickable="false" enabled="true" focusable="false" focused="false" long-clickable="false" password="false" scrollable="false" selected="false" bounds="[78,897][150,969]" displayed="true" /&gt;
                    &lt;android.widget.LinearLayout index="1" package="com.vivo.shortcutcenter" class="android.widget.LinearLayout" text="" checkable="false" checked="false" clickable="false" enabled="true" focusable="false" focused="false" long-clickable="false" password="false" scrollable="false" selected="false" bounds="[168,906][486,959]" displayed="true"&gt;
                      &lt;android.widget.TextView index="0" package="com.vivo.shortcutcenter" class="android.widget.TextView" text="Home" resource-id="com.vivo.shortcutcenter:id/shortcut_title" checkable="false" checked="false" clickable="false" enabled="true" focusable="false" focused="false" long-clickable="false" password="false" scrollable="false" selected="false" bounds="[168,906][486,959]" displayed="true" /&gt;
                    &lt;/android.widget.LinearLayout&gt;
                  &lt;/android.widget.LinearLayout&gt;
                &lt;/android.widget.FrameLayout&gt;
                &lt;android.widget.FrameLayout index="3" package="com.vivo.shortcutcenter" class="android.widget.FrameLayout" text="" checkable="false" checked="false" clickable="true" enabled="true" focusable="true" focused="false" long-clickable="true" password="false" scrollable="false" selected="false" bounds="[558,840][1032,1026]" displayed="true"&gt;
                  &lt;android.widget.LinearLayout index="0" package="com.vivo.shortcutcenter" class="android.widget.LinearLayout" text="" checkable="false" checked="false" clickable="false" enabled="true" focusable="false" focused="false" long-clickable="false" password="false" scrollable="false" selected="false" bounds="[588,840][1032,1026]" displayed="true"&gt;
                    &lt;android.widget.ImageView index="0" package="com.vivo.shortcutcenter" class="android.widget.ImageView" text="" resource-id="com.vivo.shortcutcenter:id/shortcut_icon" checkable="false" checked="false" clickable="false" enabled="true" focusable="false" focused="false" long-clickable="false" password="false" scrollable="false" selected="false" bounds="[588,897][660,969]" displayed="true" /&gt;
                    &lt;android.widget.LinearLayout index="1" package="com.vivo.shortcutcenter" class="android.widget.LinearLayout" text="" checkable="false" checked="false" clickable="false" enabled="true" focusable="false" focused="false" long-clickable="false" password="false" scrollable="false" selected="false" bounds="[678,906][996,959]" displayed="true"&gt;
                      &lt;android.widget.TextView index="0" package="com.vivo.shortcutcenter" class="android.widget.TextView" text="Trending" resource-id="com.vivo.shortcutcenter:id/shortcut_title" checkable="false" checked="false" clickable="false" enabled="true" focusable="false" focused="false" long-clickable="false" password="false" scrollable="false" selected="false" bounds="[678,906][996,959]" displayed="true" /&gt;
                    &lt;/android.widget.LinearLayout&gt;
                  &lt;/android.widget.LinearLayout&gt;
                &lt;/android.widget.FrameLayout&gt;
              &lt;/android.view.ViewGroup&gt;
            &lt;/android.widget.FrameLayout&gt;
          &lt;/android.widget.LinearLayout&gt;
          &lt;android.widget.FrameLayout index="2" package="com.vivo.upslide" class="android.widget.FrameLayout" text="" checkable="false" checked="false" clickable="false" enabled="true" focusable="false" focused="false" long-clickable="false" password="false" scrollable="false" selected="false" bounds="[0,1068][1080,1194]" displayed="true"&gt;
            &lt;android.widget.LinearLayout index="0" package="com.vivo.upslide" class="android.widget.LinearLayout" text="" resource-id="com.vivo.upslide:id/drag_container" checkable="false" checked="false" clickable="true" enabled="true" focusable="true" focused="false" long-clickable="false" password="false" scrollable="false" selected="false" bounds="[0,1068][1080,1194]" displayed="true"&gt;
              &lt;android.widget.ImageView index="0" package="com.vivo.upslide" class="android.widget.ImageView" text="" resource-id="com.vivo.upslide:id/drag_icon" checkable="false" checked="false" clickable="false" enabled="true" focusable="false" focused="false" long-clickable="false" password="false" scrollable="false" selected="false" bounds="[502,1129][577,1159]" displayed="true" /&gt;
            &lt;/android.widget.LinearLayout&gt;
            &lt;android.view.View index="1" package="com.vivo.upslide" class="android.view.View" text="" checkable="false" checked="false" clickable="false" enabled="true" focusable="false" focused="false" long-clickable="false" password="false" scrollable="false" selected="false" bounds="[48,1068][1032,1070]" displayed="true" /&gt;
          &lt;/android.widget.FrameLayout&gt;
          &lt;android.widget.LinearLayout index="3" package="com.vivo.upslide" class="android.widget.LinearLayout" text="" resource-id="com.vivo.upslide:id/common_content_root" checkable="false" checked="false" clickable="false" enabled="true" focusable="false" focused="false" long-clickable="false" password="false" scrollable="false" selected="false" bounds="[0,1194][1080,2141]" displayed="true"&gt;
            &lt;android.widget.FrameLayout index="0" package="com.vivo.upslide" class="android.widget.FrameLayout" text="" resource-id="com.vivo.upslide:id/icon_recents_layout" checkable="false" checked="false" clickable="false" enabled="true" focusable="false" focused="false" long-clickable="false" password="false" scrollable="false" selected="false" bounds="[0,1194][1080,1452]" displayed="true"&gt;
              &lt;android.widget.TextView index="0" package="com.vivo.upslide" class="android.widget.TextView" text="No recent apps" resource-id="com.vivo.upslide:id/icon_recents_none" checkable="false" checked="false" clickable="false" enabled="true" focusable="false" focused="false" long-clickable="false" password="false" scrollable="false" selected="false" bounds="[388,1292][692,1353]" displayed="true" /&gt;
            &lt;/android.widget.FrameLayout&gt;
            &lt;android.widget.LinearLayout index="1" package="com.vivo.upslide" class="android.widget.LinearLayout" text="" resource-id="com.vivo.upslide:id/switchers_root" checkable="false" checked="false" clickable="false" enabled="true" focusable="false" focused="false" long-clickable="false" password="false" scrollable="false" selected="false" bounds="[0,1476][1080,2141]" displayed="true"&gt;
              &lt;android.widget.FrameLayout index="0" package="com.vivo.upslide" class="android.widget.FrameLayout" text="" resource-id="com.vivo.upslide:id/switchers_container" checkable="false" checked="false" clickable="false" enabled="true" focusable="false" focused="false" long-clickable="false" password="false" scrollable="false" selected="false" bounds="[12,1476][669,2141]" displayed="true"&gt;
                &lt;android.view.ViewGroup index="0" package="com.vivo.upslide" class="android.view.ViewGroup" text="" resource-id="com.vivo.upslide:id/switcher_host_view" checkable="false" checked="false" clickable="false" enabled="true" focusable="false" focused="false" long-clickable="false" password="false" scrollable="false" selected="false" bounds="[12,1476][669,2141]" displayed="true"&gt;
                  &lt;android.widget.FrameLayout index="0" package="com.vivo.upslide" class="android.widget.FrameLayout" text="" checkable="false" checked="false" clickable="false" enabled="true" focusable="false" focused="false" long-clickable="false" password="false" scrollable="false" selected="false" bounds="[12,1476][231,1719]" displayed="true"&gt;
                    &lt;android.widget.TextView index="0" package="com.vivo.upslide" class="android.widget.TextView" text="Eye Protection" resource-id="com.vivo.upslide:id/switcher" checkable="false" checked="false" clickable="true" enabled="true" focusable="true" focused="false" long-clickable="true" password="false" scrollable="false" selected="false" bounds="[12,1491][228,1719]" displayed="true" /&gt;
                  &lt;/android.widget.FrameLayout&gt;
                  &lt;android.widget.FrameLayout index="1" package="com.vivo.upslide" class="android.widget.FrameLayout" text="" checkable="false" checked="false" clickable="false" enabled="true" focusable="false" focused="false" long-clickable="false" password="false" scrollable="false" selected="false" bounds="[231,1476][450,1719]" displayed="true"&gt;
                    &lt;android.widget.TextView index="0" package="com.vivo.upslide" class="android.widget.TextView" text="Dark Mode" resource-id="com.vivo.upslide:id/switcher" checkable="false" checked="false" clickable="true" enabled="true" focusable="true" focused="false" long-clickable="true" password="false" scrollable="false" selected="false" bounds="[231,1491][447,1719]" displayed="true" /&gt;
                  &lt;/android.widget.FrameLayout&gt;
                  &lt;android.widget.FrameLayout index="2" package="com.vivo.upslide" class="android.widget.FrameLayout" text="" checkable="false" checked="false" clickable="false" enabled="true" focusable="false" focused="false" long-clickable="false" password="false" scrollable="false" selected="false" bounds="[450,1476][669,1719]" displayed="true"&gt;
                    &lt;android.widget.TextView index="0" package="com.vivo.upslide" class="android.widget.TextView" text="FACULTY" resource-id="com.vivo.upslide:id/switcher" checkable="false" checked="false" clickable="true" enabled="true" focusable="true" focused="false" long-clickable="true" password="false" scrollable="false" selected="false" bounds="[450,1491][666,1719]" displayed="true" /&gt;
                  &lt;/android.widget.FrameLayout&gt;
                  &lt;android.widget.FrameLayout index="3" package="com.vivo.upslide" class="android.widget.FrameLayout" text="" checkable="false" checked="false" clickable="false" enabled="true" focusable="false" focused="false" long-clickable="false" password="false" scrollable="false" selected="false" bounds="[12,1719][231,1965]" displayed="true"&gt;
                    &lt;android.widget.TextView index="0" package="com.vivo.upslide" class="android.widget.TextView" text="S-capture" resource-id="com.vivo.upslide:id/switcher" checkable="false" checked="false" clickable="true" enabled="true" focusable="true" focused="false" long-clickable="true" password="false" scrollable="false" selected="false" bounds="[12,1737][228,1965]" displayed="true" /&gt;
                  &lt;/android.widget.FrameLayout&gt;
                  &lt;android.widget.FrameLayout index="4" package="com.vivo.upslide" class="android.widget.FrameLayout" text="" checkable="false" checked="false" clickable="false" enabled="true" focusable="false" focused="false" long-clickable="false" password="false" scrollable="false" selected="false" bounds="[231,1719][450,1965]" displayed="true"&gt;
                    &lt;android.widget.TextView index="0" package="com.vivo.upslide" class="android.widget.TextView" text="Vibration Mode" resource-id="com.vivo.upslide:id/switcher" checkable="false" checked="false" clickable="true" enabled="true" focusable="true" focused="false" long-clickable="false" password="false" scrollable="false" selected="false" bounds="[231,1737][447,1965]" displayed="true" /&gt;
                  &lt;/android.widget.FrameLayout&gt;
                  &lt;android.widget.FrameLayout index="5" package="com.vivo.upslide" class="android.widget.FrameLayout" text="" checkable="false" checked="false" clickable="false" enabled="true" focusable="false" focused="false" long-clickable="false" password="false" scrollable="false" selected="false" bounds="[450,1719][669,1965]" displayed="true"&gt;
                    &lt;android.widget.TextView index="0" package="com.vivo.upslide" class="android.widget.TextView" text="Data network" resource-id="com.vivo.upslide:id/switcher" checkable="false" checked="false" clickable="true" enabled="true" focusable="true" focused="false" long-clickable="true" password="false" scrollable="false" selected="false" bounds="[450,1737][666,1965]" displayed="true" /&gt;
                  &lt;/android.widget.FrameLayout&gt;
                  &lt;android.widget.FrameLayout index="6" package="com.vivo.upslide" class="android.widget.FrameLayout" text="" checkable="false" checked="false" clickable="false" enabled="true" focusable="false" focused="false" long-clickable="false" password="false" scrollable="false" selected="false" bounds="[12,1965][231,2141]" displayed="true"&gt;
                    &lt;android.widget.TextView index="0" package="com.vivo.upslide" class="android.widget.TextView" text="Speed up" resource-id="com.vivo.upslide:id/switcher" checkable="false" checked="false" clickable="true" enabled="true" focusable="true" focused="false" long-clickable="false" password="false" scrollable="false" selected="false" bounds="[12,1983][228,2141]" displayed="true" /&gt;
                  &lt;/android.widget.FrameLayout&gt;
                  &lt;android.widget.FrameLayout index="7" package="com.vivo.upslide" class="android.widget.FrameLayout" text="" checkable="false" checked="false" clickable="false" enabled="true" focusable="false" focused="false" long-clickable="false" password="false" scrollable="false" selected="false" bounds="[231,1965][450,2141]" displayed="true"&gt;
                    &lt;android.widget.TextView index="0" package="com.vivo.upslide" class="android.widget.TextView" text="Bluetooth" resource-id="com.vivo.upslide:id/switcher" checkable="false" checked="false" clickable="true" enabled="true" focusable="true" focused="false" long-clickable="true" password="false" scrollable="false" selected="false" bounds="[231,1983][447,2141]" displayed="true" /&gt;
                  &lt;/android.widget.FrameLayout&gt;
                  &lt;android.widget.FrameLayout index="8" package="com.vivo.upslide" class="android.widget.FrameLayout" text="" checkable="false" checked="false" clickable="false" enabled="true" focusable="false" focused="false" long-clickable="false" password="false" scrollable="false" selected="false" bounds="[450,1965][669,2141]" displayed="true"&gt;
                    &lt;android.widget.TextView index="0" package="com.vivo.upslide" class="android.widget.TextView" text="Flashlight" resource-id="com.vivo.upslide:id/switcher" checkable="false" checked="false" clickable="true" enabled="true" focusable="true" focused="false" long-clickable="false" password="false" scrollable="false" selected="false" bounds="[450,1983][666,2141]" displayed="true" /&gt;
                  &lt;/android.widget.FrameLayout&gt;
                  &lt;android.widget.FrameLayout index="9" package="com.vivo.upslide" class="android.widget.FrameLayout" text="" checkable="false" checked="false" clickable="false" enabled="true" focusable="false" focused="false" long-clickable="false" password="false" scrollable="false" selected="false" bounds="[12,2211][231,2214]" displayed="true" /&gt;
                  &lt;android.widget.FrameLayout index="10" package="com.vivo.upslide" class="android.widget.FrameLayout" text="" checkable="false" checked="false" clickable="false" enabled="true" focusable="false" focused="false" long-clickable="false" password="false" scrollable="false" selected="false" bounds="[231,2211][450,2214]" displayed="true" /&gt;
                  &lt;android.widget.FrameLayout index="11" package="com.vivo.upslide" class="android.widget.FrameLayout" text="" checkable="false" checked="false" clickable="false" enabled="true" focusable="false" focused="false" long-clickable="false" password="false" scrollable="false" selected="false" bounds="[450,2211][669,2214]" displayed="true" /&gt;
                &lt;/android.view.ViewGroup&gt;
              &lt;/android.widget.FrameLayout&gt;
              &lt;android.widget.LinearLayout index="1" package="com.vivo.upslide" class="android.widget.LinearLayout" text="" resource-id="com.vivo.upslide:id/seekbars_container" checkable="false" checked="false" clickable="false" enabled="true" focusable="false" focused="false" long-clickable="false" password="false" scrollable="false" selected="false" bounds="[669,1476][1068,2141]" displayed="true"&gt;
                &lt;android.widget.FrameLayout index="0" package="com.vivo.upslide" class="android.widget.FrameLayout" text="" resource-id="com.vivo.upslide:id/brightness_layout" checkable="false" checked="false" clickable="false" enabled="true" focusable="false" focused="false" long-clickable="false" password="false" scrollable="false" selected="false" bounds="[726,1494][828,2141]" displayed="true"&gt;
                  &lt;android.widget.ImageView index="0" package="com.vivo.upslide" class="android.widget.ImageView" text="" resource-id="com.vivo.upslide:id/brightness_button" checkable="false" checked="false" clickable="true" enabled="true" focusable="true" focused="false" long-clickable="false" password="false" scrollable="false" selected="false" bounds="[729,1494][825,1590]" displayed="true" /&gt;
                  &lt;android.widget.FrameLayout index="1" package="com.vivo.upslide" class="android.widget.FrameLayout" text="" resource-id="com.vivo.upslide:id/fl_brightness_progress" checkable="false" checked="false" clickable="false" enabled="true" focusable="false" focused="false" long-clickable="false" password="false" scrollable="false" selected="false" bounds="[726,1656][828,2141]" displayed="true"&gt;
                    &lt;android.widget.ProgressBar index="0" package="com.vivo.upslide" class="android.widget.ProgressBar" text="175.0" resource-id="com.vivo.upslide:id/brightness_seekbar" checkable="false" checked="false" clickable="false" enabled="true" focusable="false" focused="false" long-clickable="false" password="false" scrollable="false" selected="false" bounds="[726,1656][828,2141]" displayed="true" /&gt;
                    &lt;android.view.View index="1" package="com.vivo.upslide" class="android.view.View" text="" resource-id="com.vivo.upslide:id/vivo_brightness_view" checkable="false" checked="false" clickable="false" enabled="true" focusable="false" focused="false" long-clickable="false" password="false" scrollable="false" selected="false" bounds="[738,2076][816,2141]" displayed="true" /&gt;
                  &lt;/android.widget.FrameLayout&gt;
                &lt;/android.widget.FrameLayout&gt;
                &lt;android.widget.FrameLayout index="1" package="com.vivo.upslide" class="android.widget.FrameLayout" text="" resource-id="com.vivo.upslide:id/volume_layout" checkable="false" checked="false" clickable="false" enabled="true" focusable="false" focused="false" long-clickable="false" password="false" scrollable="false" selected="false" bounds="[924,1494][1026,2141]" displayed="true"&gt;
                  &lt;android.widget.ImageView index="0" package="com.vivo.upslide" class="android.widget.ImageView" text="" resource-id="com.vivo.upslide:id/setting_button" checkable="false" checked="false" clickable="true" enabled="true" focusable="true" focused="false" long-clickable="false" password="false" scrollable="false" selected="false" bounds="[927,1494][1023,1590]" displayed="true" /&gt;
                  &lt;android.widget.FrameLayout index="1" package="com.vivo.upslide" class="android.widget.FrameLayout" text="" resource-id="com.vivo.upslide:id/fl_volume_progress" checkable="false" checked="false" clickable="false" enabled="true" focusable="false" focused="false" long-clickable="false" password="false" scrollable="false" selected="false" bounds="[924,1656][1026,2141]" displayed="true"&gt;
                    &lt;android.widget.ProgressBar index="0" package="com.vivo.upslide" class="android.widget.ProgressBar" text="80.0" resource-id="com.vivo.upslide:id/volume_seekbar" checkable="false" checked="false" clickable="false" enabled="true" focusable="false" focused="false" long-clickable="false" password="false" scrollable="false" selected="false" bounds="[924,1656][1026,2141]" displayed="true" /&gt;
                    &lt;android.view.View index="2" package="com.vivo.upslide" class="android.view.View" text="" resource-id="com.vivo.upslide:id/vivo_volume_view" checkable="false" checked="false" clickable="false" enabled="true" focusable="false" focused="false" long-clickable="false" password="false" scrollable="false" selected="false" bounds="[930,2076][1020,2141]" displayed="true" /&gt;
                  &lt;/android.widget.FrameLayout&gt;
                &lt;/android.widget.FrameLayout&gt;
              &lt;/android.widget.LinearLayout&gt;
            &lt;/android.widget.LinearLayout&gt;
          &lt;/android.widget.LinearLayout&gt;
        &lt;/android.widget.LinearLayout&gt;
      &lt;/android.widget.FrameLayout&gt;
    &lt;/android.widget.FrameLayout&gt;
  &lt;/android.widget.FrameLayout&gt;
&lt;/hierarchy&gt;</msg>
<kw name="Capture Page Screenshot" library="AppiumLibrary">
<doc>Takes a screenshot of the current page and embeds it into the log.</doc>
<msg timestamp="20230130 12:00:22.196" level="INFO" html="true">&lt;/td&gt;&lt;/tr&gt;&lt;tr&gt;&lt;td colspan="3"&gt;&lt;img src="data:image/png;base64, iVBORw0KGgoAAAANSUhEUgAABDgAAAkkCAYAAAD508+vAAAAAXNSR0IArs4c6QAAAARzQklUCAgI
CHwIZIgAACAASURBVHic7N15tB1VmSjw79xcZCY3jMoY0CeKdnsbaWEBEoI0ggwJSL92YAgy+FCb
EJ7D0wUJCbwWfU8gDLagYiK9cFgOCaLS7QOSBygiwaDQTI8YQETEQCKItITU+4MOcnPPsG9u3bq1
z/391qqVlVO79v72rjpVdb5bQyMiishIo9EY8C9QtoRdQkl7jfrtfMrpe/36BVBfzunaMz7AUBVF
eWejZdZVhd7RDqCZTjtyO3oAAAAYWe1+e9cx+VGbBIekBQAAAOThlb/h65LsGNUEh6QGAAAA5K0u
yY7KExySGgAAANCdRjPZUVmCQ2IDAAAAxo61eYCqEh0jnuCQ2AAAAICxq6pEx4glOCQ2AAAAgLVG
OtHRMxKVSm4AAAAAzYxUzqAREaWlTsoIUnIEcpCw2yhpz1KPF069Ujl9r1+/AEaHc7/2jA8wEury
Wtey4yjtCg47XwAAACBVo9EoNZdQSoJDcgMAAABYH2XlFIad4JDcAAAAAIajjNzCsBIckhsAAABA
GYabY1jvBIfkBgAAAFCm4eQa1ivBIbkBAAAAjIT1zTkMOcEhuQEAAACMpPXJPQwpwSG5AQAAAFRh
qDmIRkQUI1HxSNVBZ0mjXF6hCiVtqrlV08USRqicIjU0lvsOMDRj+fxwLPcdGF1FkdeZZmq8w35N
LAAAAMBISU0IJyU4ZJcBAACAOuuY4JDcAAAAAEZTSm6ibYJDcgMAAACog045Cs/gAAAAALLXMsHh
6g0AAACgTtrlKlzBAQAAAGSvaYLD1RsAAABAHbXKWfRWHAfDNLaTTyX1PamaonM1nYsk1NLNEgY6
YRDzHOeUjSyh76XUAgAAY8OgKzjG9g9oAAAAoO6a5S48gwMAAADIngQHAAAAkL0BCQ63pwAAAAA5
WDeH4QoOAAAAIHsSHAAAAED2Xk5wuD0FAAAAyMkrcxmu4AAAAACy11tWRa4AGT5jWCcJ66JRlFEk
SUnV1FB141y7MUz5utcuaAAAqK+eCD+sAQAAgDytzWm4RQUAAADIngQHAAAAkD0JDgAAACB7EhwA
AABA9iQ4AAAAgOxJcAAAAADZ6/GKWAAAACBnjUYjekc7iLFCIqkbJazTRtG5TEKRlK0noZpMldP7
+o1hOdtPSZsYAABkzy0qAAAAQPYkOAAAAIDsSXAAAAAA2ZPgAAAAALInwQEAAABkT4IDAAAAyJ4E
BwAAAJA9CQ4AAAAge72jHUA3aDRGOwLqK2HjaBSdyyQUSdkME6rJU9d2vpztp6RNDAAAas0VHAAA
AED2JDgAAACA7ElwAAAAANmT4AAAAACyJ8EBAAAAZE+CAwAAAMieBAcAAACQPQkOAAAAIHu9ox1A
d2iMdgBkLWH7aRSdyyQUSdlSE6qpoXLGsKRhrlhK3xOKFJ17Vr++AwDAX7iCAwAAAMieBAcAAACQ
PQkOAAAAIHsSHAAAAED2JDgAAACA7ElwAAAAANmT4AAAAACyJ8EBAAAAZK93tAOou8ZoBwARkbQl
NorOZRKKdK9yxrBrh7nReXwaReeeZdl3gFFSJOxXGwn7Z4BXStm3dCtXcAAAAADZk+AAAAAAsifB
AQAAAGRPggMAAADIngQHAAAAkD0JDgAAACB7EhwAAABA9iQ4AAAAgOz1phRqNBojHUd9jeW+k5mE
bTWlSFEMP5SIKKeWqlU3hlmOT8L+sJHQs5I2MYDsjelzbIAR4AoOAAAAIHsSHAAAAED2JDgAAACA
7ElwAAAAANmT4AAAAACyJ8EBAAAAZE+CAwAAAMieBAcAAACQvd7RDgComUYjoVDRuZrORRJqyVTC
GDaKcnpfvzFM6HvSJta5Z/XrO7CuRtIXHoBURUnnkN3KFRwAAABA9iQ4AAAAgOxJcAAAAADZk+AA
AAAAsifBAQAAAGRPggMAAADIngQHAAAAkD0JDgAAACB7vaMdAJCjRjlFiqJjmc4lMtVIGKCUarp1
DBPGp5HQs4ThAQAgA0XCiZ0rOAAAAIDsSXAAAAAA2ZPgAAAAALInwQEAAABkT4IDAAAAyJ4EBwAA
AJA9CQ4AAAAgexIcAAAAQPZ6RzuA0dRoNEY7hOwljWDdhrmoVTVjW8J3sJEy0uUUyVPSGCYoOo9Q
/cYwoe8pnc+y7zD6nEcBlKtIOCehPVdwAAAAANmT4AAAAACyJ8EBAAAAZE+CAwAAAMjemH7IKAAA
AIyU/v7+OOqoo6K/vz/6+voiImLSpEmDyi1evDiKoojly5fHww8/HAsXLoylS5dWHW72Go1Go+Oj
Wrv1Kdnd2q8qeYsKI89bVCoxlt8kMpb7DsPgPGr4jCF0n76+vjjggANi6tSpMWXKlJeTGutj5cqV
sWDBgli4cGEsXrw4Vq5cWWKk+Ul5y4wEB8MiwcHIk+CoxFj+kT+W+w7D4Dxq+IwhdI++vr6YOXNm
TJ8+fcTauPjii2POnDljNtGRkuDwDA4AAIAR1N/fH0uWLIkVK1bEhRdeONrhUKK1iY2HHnpoRJMb
ERFnnnlmLFu2LGbNmjWsK0O6mSs4aClteIxhWwlZxqRqSqllrHMlSBVSMuvdaiz3nbHJedTwGcOx
46GHHoqJEye+/P9jjjkmFi5cOIoRUYYTTjghLrroorbJhlWrVsXChQtj0aJFsXz58oiIWLxo0aBy
kw48MCIiJk6cGJMmTYqpU6fG+PHjW9a7fPnymD17dsyfP3+YvaiLhCtqE061JDhoSYKjBBIcNSLB
UYWx/CN/LPedscl51PAZw7HjxRdfHPD/OXPmxOzZs0cpGoarr68vLrzwwjjxxBObzl/7kNAFCxbE
4sWLX/pwPW6JPfDAA2PKlCkxderU2GWXXZouM2/evDjrrLO64LaVchIcblEBAACABH19fXHDDTc0
TW6sWrUqzjrrrNhtt91ixowZf0lurKdFixbFjBkzYtddd42zzjorVq1aNajMtGnT4sYbb3TLyn+S
4AAAAIAO+vv746GHHor+/v4Bn69atSrmzJkTu+22W8ydO3dE2r744otj1113jdmzZw9KdPT398ey
ZcsGxTUWSXAAAABAGyeeeGLccMMNg66UuOuuu2K33XaL2bNnj/htIitXrozZs2fH3/zN38Rdd901
YF5fX1/ceOONMW3atBGNoe4kOAAAAKCF/v7+uPDCCwclN7761a/GQQcdVPnzL5YvXx6TJ08e9KDa
tc8GGctXckhwAAAAQBNrn7mxbnJjzpw5cdJJJ43awz1XrlwZRx999KBbYtZeyTFWn8khwQEAAADr
aJXc+MAHPlCbt+DMmDEjPvCBDwz4bG2SYyyS4AAAAIB1NLvd45JLLon58+ePUkTNzZs3b9CVHP39
/XHVVVeNUkSjR4JjmObNmxerV69uOv393//9aIfXUqPReYpoJEy0lTLQCVNSsbC22ksYoZLWxVjW
aDQ6T9Gd22pK3wGAPJx44omDXgV77bXXxowZM5qULjpOnUsMz4wZMwY9k2PatGnZPHS0KDpPKXpH
Nsz62GijjWLSpEnxtre9LbbbbrsYP358bLTRRvGnP/0pVqxYEQ899FDcdNNN8e///u+jHSoAAACj
aObMmQP+f9ddd8VJJ500StGkOemkk+Kmm26Kt7zlLS9/NnPmzJg3b94oRlWtrk9wHHfccfHe9743
Jk2aFBtvvHHbskVRxP333x/f+ta3Yu7cufH0009XFCUAAAB1MGvWrJg4ceKAz4455phRe6BoqrUP
Hl22bNnLn02cODHOPPPMuPjii0cxsup07S0qhxxySCxZsiTmz58fhx56aMfkRsRLlxe/4Q1viLPP
Pjt++ctfxgc/+MEKIgUAAKAO+vr64owzzhjw2Zw5c2L58uWjFNHQLF++fNDzOGbOnDlm3qrSlVdw
/Pf//t/jn/7pn6K3d/279+pXvzouu+yyeOtb3xqnnXZaidGNTVtttVXLS6Puu++++NjHPlZxRKPL
eORhq622avkQqXvvvTc+9rGPVhwRAAAjafr06QOSAatWrRqUMKi72bNnx7Rp02L8+PER8VLSZvr0
6bV588tI6roEx0c/+tG44IILSnmYW6PRiA984AOxZs2a+G//7b+VEN3YtfHGG8ehhx7adN6ECRMq
jmb0GY88tF9PYyMLDgAwlqx79cbcuXNrf2vKulauXBkXX3xxzJo16+XPxkqCo6tuUfnbv/3bOOec
czomN/7jP/4jfvvb38ajjz4af/zjHzvWe/LJJ8cJJ5xQVpgAAADUzJQpUwZcvfHwww9nd/XGWnPn
zo1Vq1a9/P++vr448MADRzGianRVguN//I//EZtttlnL+XfeeWdMmzYttttuu9hhhx1i1113jfHj
x8eRRx4Z3//+91su12g04uyzz44NNthgJMIGAABglK2bAFi8eHF2V2+stXLlyliwYMGAz6ZMmTJK
0VSnaxIcW221VRx88MEt53//+9+Pv/3bv42rr746nnnmmQHzfvjDH8aUKVPi05/+dMvld9ttt/j7
v//70uIFAACgPo466qgB/183QZCbhQsXDvi/BEdG9tprr5ZXbzz33HPxkY98pGMd55xzTixZsqTl
/He+853rHV+VGglTainqImF9NTpPjZQprTVbT5velzXOXaukbTVH3dovuo9tdfiMIeSlv79/0Kth
X0oQFG2nvr7xccYZ0+OEE06MooiWU1kOPPDApq+xbWbRokUD/j9x4sSk5XLWNQ8Z3WWXXVrOu//+
++ORRx5JqmfhwoXx1re+tem83Xfffb1ii4h405veFCeeeGLsueeese2228a4ceNi1apVcd9998WP
fvSj+NrXvrbedUdEHH744XH44YfHbrvtFltttVVssfnm8cyzz8aKFSvi4eXL4/rrr4/rrrsuXnjh
haT69ttvvzjggAMGfV4URVxwwQUREbHRRhvFySefHEcccUTssMMO0dPTE4888ki8613vioiIE044
IXbYYYeIiNh0001btrX33nvHJz/5yQGfXXbZZYOutFnXhAkT4t3vfndMnjw5Xv3qV8eWW24ZG2+8
cTz33HPx2GOPxS9+8Yv47ne/G3fccUfH/h511FHxpje9qem8b33rW/Hggw+2XHb//fePt7/97U3n
3XzzzXHLLbdExMiPx1B1HL+77koev3YmT54cU6ZMiTe84Q2x5ZZbxuabbx5//OMf46mnnooHHngg
rrvuurj++uuT6jr88MPjLW95y6DPV65cGZ///Odf/v/EiRPjfe97X+y3336x3XbbxWabbRbPPvts
PPLII3HLLbfEl7/85QH3JL7SiSee+PJ62mSTTVrGsvfee8enPvWpAZ9deumlSetpwJhMmBCbb7FF
/PHZZ+Opp59+aUy+973kMdl///1bflfXXpW20UYbxSmnnBJHHnlkbL/99tHT0xOPPvpoyweoAgCM
NZMmTRrw/2uvvbbjMn19ffHQQ8tefm7HiSeeGMccc8yI3dZy4YUXxplnnhkREbNmzYqDDjpoUBLj
lVauXBkLFy4ccOXG1KlT4+KLLx6R+Gqh0WgUnaaenp7aTyeffHLRyt133910mXHjxg2ajjnmmOKp
p55qOv3sZz8bVP7qq69u2e573vOeYtttty2uvvrqYvXq1S3LFUVR3HPPPcWBBx7YNKZ20yc+8Yni
sccea1v3Wr/73e+K2bNnF5ttumnR29vbdjr33HNb1rPLLrsUb33rW4t77rln0LzVq1e/XMfPfvaz
pLiamThxYsvYdthhh+JLX/pS8cc//rFjPWvWrCluvvnm4uCDD27b36997Wst6zj22GPbLnv++ee3
XPb8888f8fEY6rRe4/eOdxS948YNaTrllFOKBx98MKl/Dz30UHHaaad13N7nzZvXdPknnniiGDdu
XLH11lsXn//854vnn3++bXtPPPFEccoppzRtYzjraZdddmkb/1DH5NRTT+2475s1a1bLOnbaaadi
zz33LO6+++5B81avXj3q++3hTinHrxyn6PSnIpOpgmm0vwfdMI32PtJUr2lds2fPHvWYTAOn2bNn
t1hHjZbTSSedNGjd/vznPy8mTJhQ+j7lK1/5yqC25s2b13G5dX/XnXvuuaO+f2w2lXX86ppbVJYv
X95y3h577BGHHXZYUj0LFy6MbbbZpum0zz77DCmmvr6+uPnmm+O4446LcePGtS27xx57xLXXXpv8
F9XXv/71sWTJkrjgggti++23T1pmm222iZkzZ8aSJUuiv78/aZlm3vSmN8WCBQtijz32GDRvzZo1
611visMOOyyWLFkSJ598ctu/rq/VaDRi//33jx/84AcDXpM0Vq33+P3wh8njN2HChPjh9dfHF7/4
xXjd616XtMxuu+0WV1xxRXz3u99Nimtd48ePj4kTJ8bixYvj9NNPjw033LBt+W233Ta+8IUvxIc+
9KEht7U+JkyYENevx5hceeWVsWDBgvUak4iXvqsLFy5senXSSH9XAQBysu7vo6VLl3Zc5q67Bpfp
7++PG2+8ccDbWIbrqquuimnTpjVp/66Oy65bZji/A3PQNQmOn/zkJ7FixYqm8xqNRnzlK1+JI444
otKYLr/88nj961+fXH7zzTePz3/+87HNNtu0LbfnnnvG9ddf3/RS/RSv3333uO666wZdhpXqsssu
ix133LHpvBdffHG96kxx7LHHxjXXXBPbbbfdkJfdYIMN4uyzz47zzjtvBCLLw7DH75xzOo7fjjvu
GP/2ox+1feBvO0ceeWR873vfG/IbizbccMO4/vrrmybdWhk3blycd9558cY3vnGoYQ7JjjvuGD8a
5phcd9116/UWp8svv3xUvqsAALkZP378gP+n3GaydOnS+OpX5w/6vMwkR7vkxrx58zouv24/yky8
1FHXJDief/75+MEPftBy/jbbbBPf/va345prrlnvxMBQ9fQMfXh33nnnOP3001vO33zzzWP+/Pmx
8847Dye02G677eIrX/lKvOY1rxnysrvuumvLeSP1o+m1r31tXH755W1fA5ziox/9aBx55JElRZWP
0sbvYx9rO35XXHnlsLPCkyZNavtGo1ZSr4x4pfHjx8eHP/zhIS83FFeWNCZrn30zFLvttlvLeRIc
APAX/f39sWTJknjxxRdHZFrXzJkzR6ytF198cdhXbJPupJNOivnzRybJ0S65MXny5GxfYTuSuuYh
oxER5557bhxyyCEt/0Ld29sb//AP/xDvfve749Zbb43rrrsuvv71r8fjjz8+onE99thjcccdd8RT
Tz0V48ePjz333LPt02uPPfbYmDNnTtN5n/vc59r+xfn3v/99/N//+3/j908+GVttvXXst99+8epX
v7pp2Z122ikuvfTSOPbYY4fWoTZeuQO/5pprXn7A5qabbhqnnnpqy+XWfdDNug9qvOSSS2LLLbds
umxRFLFkyZK49957Y/Xq1fGGN7wh9tlnn6ZPJ+/t7Y2ZM2fG9773veQ+laXM8RiqUsdv1qym4zfj
rLPikEMOaRnDk08+GTfffHM8+eSTsfXWW8e+++7bMsH2oQ99KL75zW/G7bffntjDv1ixYkX85Cc/
iSeffDI233zz6O/vb5v8OPzwwwe8Zemaa66Jm2++OSJeWk+nnXZay2UvuuiiAf9fdz2dNQJj8tOf
/rRlfUMhwQEAf/Htb3+7q94u0d/fH1/+8pdbvjyBwda9un3x4sXJy5500kkR8dJDRl9pbZLjoIMO
GnIyoqzkxrq32lT1x/5R020PSfqv//W/Jj08ca3nn3++uOGGG4rp06cXW2655ZAf8tnuIaNFURT/
9E//NGiZjTbaqLjyyitbLrN69epi++23H7Tc7rvvXvzpT39qudzXvva1oq+vb8CDHjfbdNPii23a
evHFF4v9999/SA8ZXWvNmjXFAw88UPzgBz8ovvGNbxTXXntt8cMf/rDpgy0nTpzYsp7bbrut7UMx
J02aVKxZs6bpss8++2wxbdq0Qcsce+yxxVNPPdWyzb/7u7+r/CGjZY3HUKchj9+4ccWx7353+/E7
+OAB29nGG21UPPLIIy3Lf/e73y36+voGbM+bbrpp8eUvf7nlMldffXXyQ0bX+upXvzqonXHjxhWf
+9znWi6zZs2aYvfdd2/6/d5ll11aLnfbbbe13TdslDIm48cX43p6Xp423WSTjmOy7j6v3UNGX9nH
+++/f9B3dbT318OdRvthWHV/yJbJNJxptL8H3TCN9j7SNLSpG61cuXLUxzWnaV1/mdf6IaNrp7Xf
+1bnqkN98GizB4oWRVEsXbp0vR5guq7R3j82m8o6fnXNLSprfetb34rjjz8+nn766aTyG264YRx0
0EFx8cUXx4MPPhiXX375sF4H+0q33HJLnHPOOYM+f+GFF+L000+Phx56qOly48aNa/raxzPOOCM2
2mijpsssWrQojjvuuEF/QX7++efj9NNPj+9+97tNl+vp6Yl//Md/7NSVQe6555449NBDY4899oij
jjoq3v/+98cxxxwzIrd/nHrqqS3fFf+5z30u/uVf/mXQ5wsWLGj7UMyqn8cymqoYv1NOPTV22mmn
pmWXLl0a733ve5tum6eddlrceuutTZc76qijhvRwzV/96ldx0kknNb3a5eMf/3jce++9TZdrNBqx
9957J7eT6tROY/Ke9zQfk1NPjVv/80qfdQ11TCIi7r777jjkkEPijW98YxxxxBHx3ve+N6ZOnRqH
H374kOoBgG52ySWXjHYIpWt22wQjq4zbVcq+LWXdNletWjWk5XPTVbeorLVgwYK4//774/LLLx/S
gzS33HLL+OAHPxjHH398fOUrX4lzzz03OVHSzBe/+MW283/84x/Ha1/72qbzmj1otNWl7mvWrImz
zz77Lx80+TE7c+bMeNe73tX07RLveMc72sbZzDvf+c544oknhrzc+jjwwAObfv7000+3fYfzP//z
P8enPvWpprfoDOXhr7kb8vj95/bTdvx2333AdnbUUUe1bP9zn/tcrF69unmSpSjiS1/8Yuy3336D
Zm2xxRZx8DveEdcm3k7U6X3et912W8vbu1rdvjMc7cbkf//v/x0vrF7d9LsaEfHFL30p9tt//0Gf
b7HFFnHwwQcPuEWoeQ1/8c5DDonfVvRdrVqrxN0rFUVRQSTlSunXS3+k6FAiv65TkbRtjHYMYfeZ
MWNGLFq0aMSeWzFz5swB/1+8ePGQboEYqqVLl8bChQtHrP5utHjx4gG/HSdNmrRe62g4t6uMxDM3
1uftMOWr7qSkKxMcERH33ntvHHTQQfG+970vPv7xj8df/dVfJS+7ySabxIc//OE47LDD4uSTT375
fvyh+vOf/9x2/m9/+9uW89bNtO26664tkyF333133HbbbW3buu++++KOO+5o+kNyq622ire//e3J
/bz11lsrS268/vWvjx122KHpvNtvv73jsykeeuihpj/QR+IHbR1VNX5//dd/3XT5FStWxNe//vW2
bXzve9+LoiiannDvu+++yQmOp556qu38J598suW8LbbYIqmNoRjJMUl9hsytt9xS2XcVAHK3cOHC
EUsKNEtwzJ49e0TaYvStT5LDA0XL0bUJjrWuueaauOaaa2Lq1KlxyimnxOTJk1ve5rGu3XbbLa67
7rqYNm1ay1s8huM//uM/Ws571ateNeD/Bx54YMu/uCxZsiSpvTvvvLNpgiPipR9NqQmOH//4x0nl
ytAq3ohoeYvPK02ZMmXQWEZ0Tj51iyrGr7+/P7bddtumy//mN79p+UM/Il7+E/Nzzz0Xm2666aDZ
Ow3zbUGv1G6dr88rWNsZ1pj8p1ZjMpQ3KN1a4XcVACBn6966MdzXqQ4lyTGSyY11+9HtiZKuT3Cs
tWDBgliwYEG85jWvieOPPz6OOOKIeNvb3tbxh82mm24aX/rSl+Lxxx/veJXESGr1ZpiIiOXLlyfV
8eCDD7ac1+yWmFaee+655LLD1epHYkQk3T7U7feYdVLF+O2yyy4t5/3VX/1VcgKumXXfR56LTmNy
5513rnfdQxmTP1X4XQUAyNnSpUsH3GLc398/7Ct6UpIcF1544YheubHuW1NG5xaV6nTdQ0Y7efzx
x+Ozn/1sHHDAAbHHHnvEBRdc0DFBMH78+PjsZz9bUYTNtcsgpv6Ib/eDdsKECUOOqQrt+t3t2ccy
VDF+W2+9dSn1NLP55puPWN0jaSgJw6HKdUwAAOps3XPjsp7H0u7Bo8uWLRvx21LW7Ue3/wF4zCU4
XulXv/pVnH322fHGN74xzjnnnPjDH/7Qsuy+++47Im8ISbXxxhu3nJd6u0W7W2KaPXy0DtrF1a4/
vKSK8RvJH9y9vXleZGZMAADysu7VGu0eGD9UrZIczf4YWWZyo6+vL6ZMmTLgswULFgy73job0wmO
tV544YX49Kc/HUcddVTbjFaZG/lQtYsr9bWRm222Wct5nR42OVqeffbZlvP8JbuzKsZPomkwYwIA
kJfly5fHww8/POCzdZMDw9EqyfFKZT9QdN23KT788MPJjzfIVVf8KfD9739/nHbaaU3n3XPPPfGh
D30oqZ5bbrkl/uVf/iU+/OEPN53/5je/eb1jHK52t5dstdVWSXUM93kMo6FdXMN98M9YUMX4tXs7
ybPPPhtz585tvXCH91g++utfr29Yo+p3v/tdy3nPPvtsx1fatvPrTMcEAKDuFi5cGGecccbL/586
dWosXFjeFQ+tnskRMTJvSxlrV29EdEmCY8KECbH//vs3nTfU14HedtttLRMco/mcimXLlrWc97rX
vS6pjte//vUt5z3yyCNDjqkKjz76aMt5qYmdsayK8WuXBf5//+//xbnnntt64Q4JjlwNa0wAABgV
ixYtGpDgOOCAA6Kvr6/UpEOzJMdIJDea3Z4yUq9BrpOuSHDcd999Lee97nWvi+233z4ef/zxpLp6
eup5186PfvSj+NOf/tT0WRx77713y1fIrluumaIo4t/+7d+GHeNwtIr+xhtuiBdeeKHp227eO7KI
mwAAIABJREFU9KY3dez3ZZddFnvuueegz//93/89TjnllJf/3+45JhtuuGHbdjo9vyRl3XReJiER
0KRIp/Hr5PLLL285fieffHJERNxxxx3xxBNPNH3Tz5vf/Ob467/+6/jFL37RvIGEsXlliXZj2Wg0
2s/v0EYjkkY5ybDGZKjajWGjEdFotO37yxKSTTmmo5K+f1n2PeG7k9T1+vWM1tbneMLQGWcYSwYe
BxcuXBCrVq16+a11EydOjOlnTI/Zs2eX2uorkxwjkdyIiJg+ffqAK7ZXrVoVixYtKrWNVFWebtTz
1/wQ3XLLLS03iFe96lXx0Y9+NLmufffdt+W8FStWDDm2sjz33HPxy1/+sum8nXfeOY477ri2yx96
6KGxxx57NJ330EMPtb1CZKS1Syo9/fTTcf/99zed9zd/8zfxX/7Lf2lb92GHHRZ77bXXoGn77bcf
UK7dA2Z32223tm0cfvjhbecPVZlJtuGO36GHHpo0fj/96U+bLt/b2xuzZs1Kjnf69Oltv4N10mk9
tRuToVzBceaZZ2YzJgAAuZs7d+CtxGeskygoy0knnRSzZ88ekeRGX19fTJ8+fcBnw7lFOiddkeB4
/vnn216BcPrpp8fpp5/esZ6DDz443v/+97ecf88996xXfGX5xje+0XLe7NmzY8cdd2w6b8KECfHZ
z3625V8kvv3tb5cSXzt/+tOfWs5r92yQiIhrr7226eevetWr4oILLmi53FlnnRU77bRT03l33333
gP8/8cQTLetp93DZffbZJ974xje2nN/K888/33Jep/EYquGM384779x03rrj1+6BSUcddVT8z//5
PzvGOWvWrPjMZz4TX/va15KuLqlCu+2206tg582b13LeUMfk61//em3GBACgm82dO3fACx6aJQvK
Mnv27NKTGxEvnUOue/VG2+fidZGuSHBERHzmM59p+SaQV73qVXHppZfGDTfcEKeffnrsvvvuA+a/
/e1vj0svvTS+853vtH3TyNe//vVSYx6qK664In7zm980nbfzzjvHTTfdFO973/sGfD5lypRYtGhR
yx/hq1atiksvvbT0WNe1YsWKlm+W2GWXXWLOeee9fCnYJptsMuD5EFd84Qst3wZy5JFHxre+9a0B
D4Ddfvvt44ILLmh5KVlRFPHNb35zwGe33HJLy9j32muvuOaaa+K1r33ty5+95jWviZkzZ8Z3vvOd
lsu103E85sxpOR5D1W78jjrqqEHjt8MOO8RnPvOZmDNnTtNliqIYlGy79tpr4yc/+UnLGD7+8Y/H
9ddfH4cddtiAz7fZZpv4yEc+Ej/72c/i7LPPjnHjxsX2228f3/72t2OXXXZJ7eKIabeeJk6cGOe1
2W47jcknPvGJ+Nd//demY/KP//iPcccdd8Q555wzYEwmTpxYQq8AAGhl5cqVg67imDlrVjbnYRMn
ThyUkBmpREotNRqNotPU09OTxXTmmWcWqZ5//vli1apVxerVq5PK33DDDcW4ceMGTVdffXXLZd7z
nvc0XWbtdN5557Vc9rzzzmu6zGmnnVasWbOmbazPPPNM8fDDDxcrV67s2K9PfepTRW9v76Dp3HPP
bbnMueee23SZTtODDz7YNpYXXniheOaZZ4oXX3yx+PjHPlZs0Nv78vTpT3+67bIvvvhi8cQTTxS/
/vWviz//+c9ty37/+98vNthgg0HTY4891na5oiiKFStWFCtXruy4DtY6//zzm7a1wQYbDG08Pv6x
YoMNettPva2n1PF79NFHk8av2fqdNGlS8cwzz3Qck5UrVxa/+tWvit/+9rfFCy+80LLc0qVLiwkT
JgxoY/78+S3LH3/88W23v/PbfN/OP++8orfF9/SBBx5o259XrqePfexjA5Y94IADksdk2bJlSWPS
19c3oI1O39V2+6ABU09Px2m09/EjNjUaHaeUY2WOU7x087Epk2m0t5exMo36PsnUldO6Zs+ePeox
mXqKnp5Gy2n58uUD1tnPf/7zYssJE2p9njBhwoTi5z//+YC4ly9fPupxVXms7JorOCIiLrnkkrjs
ssuSHpq24YYbxhZbbBHjxo3rWPbJJ58cscuShuqqq67qeCXJZpttFjvvvPPLf1lu5frrr4/Pfvaz
ZYbX1o9//OO283t7e2OzzTZr+myDmeecEz/72c9aLtvT0xPbbrtt7LDDDk0fqLnWww8/HGeddVbT
eddcc03b+CJeeivP+PHjS3kAWbu/7ke0H4+hSh2/HXfcseP4zZgxo+m8W2+9NT7xiU90/P6NHz8+
Jk6cGNttt1309rZ+zvGjjz7a8qqsKg1nPQ1lTHbddddsxgQAoNutezV4f39/XHXVVaMUTZqrrroq
+vv7B3xW9gNS666rEhwRLz2k8JOf/GTbZxwMxWOPPRZTpkyJe++9t5T6ynDyySe3fR5Hiuuvv37Q
7Swj7dJLL215q8S6miUQjj322FiyZMl6t//kk0/Ge97znpYPVP3MZz7T8oGc7Tz44IPrFc9wx2Oo
jn33u4c9fv/wD//Q9oG0V155ZXzkIx+J5557br3biYi47rrr4oQTThhWHWW55JJLhrWerrjiitLG
5Pjjjx9WHQAApJk/f1589asDnzM3ZerUuOiii0YpovYuuuiimDp16oDP5s+f3/a5cN2o6xIcERH/
63/9r9hvv/3ihz/84Xq/Au/FF1+Mb3zjG/H2t789br/99pIjHJ4XXnghjjvuuDj//PMHPAAnxXPP
PReXXnppHHPMMZX/JXjp0qXxyU9+MlavXt2xbLMfio8//ngcccQR8c1vfjOpjlf6P//n/8TkyZPb
/sBftWpVTJs2bUhvlPnRj34U733ve4cUy1pLly6NT33qU+s9HkP1+OOPx+GHHx7f+MY31mv8Djzw
wKQEyZVXXhlHH3103HnnnUOO8dlnn405c+bE0UcfXZsrFYa73Ua8lOSYOnXqsMZk6tSptRkTAICx
YMaMGXHXXXcN+OyM6dPjxGnTRimi5qZNmzbojoO77rrr5dfRjiVdmeCIeGmFHnnkkbHPPvvE5Zdf
Hg8++GC8+OKLbZcpiiKWL18eV1xxRey3337x/ve/Px555JGKIh662bNnx1vf+tb48pe/HMuXL29b
9je/+U1cc801se+++8ZZZ50VL7zwQkVRDvSFL3whjjnmmPjlL3/ZMvlUFEXLK3BWrFgRxx13XBxx
xBHx/e9/v+3DclavXh233357fPCDH4x3vetd8cADD3SMb8mSJTF58uT40pe+1DZ5dP/998eMGTPi
8MMPjwceeGC9E2lf+MIX4t3vfvd6j8dQrR2/ww8/PK677rqk8TvttNPisMMOSxq/tW688cbYe++9
4+STT45FixZ1vALi0Ucfjcsvvzz22muvOO+885Lbqco///M/x9FHHz2s9XTjjTfG2972tvjABz6Q
PCaXXXZZ7LXXXi0f+AoAwMhZuXJlHDR58qDfBVdddVXMnDVrlKIa6MILLxx068zDDz8ckydPHqWI
RlfjPx/60alQFbGUqlnM22yzTUyaNCl23XXXGD9+fGy66abxxz/+MZ555pl45JFH4uabb45f//rX
oxDtS4Y7znvvvXe85S1viW233TYmTJgQf/jDH+J3v/td3HfffXHTTTeVFOVAw4n5zW9+c0yePDm2
2Wab2GSTTWLlypXx+OOPx0033ZR8FcVGG20Uf/d3fxcTJ06MbbbZJjbddNN45plnYtmyZbF48eJ4
+OGH1zu+tXW/+c1vjgkTJsSf//zneOKJJ+L222+Pn/70p+tdbytljMdQjeT4vfScn5dssskmccgh
74ydd94ptt76pf794Q9/iCeffDJuueWW+MUvfjH8zlRk7XradtttY5NNNomnn3560HpKSXhtsskm
8c53vjN23nnn2HrrrV8ek9///vdx8803ZzUmr7S+yb5u0K1979Z+VSnH86i6MYbkbt0/tM6ZM2fM
PRuhnhKOccVLz9+48aabBj3jcP68eXHWWWfF06PwhpK+vr646qqrBt2WsmrVqpg8eXIsXbq08pha
qfJcYkwlOOpOzHSXzjuybv3dNJZ/EOp79+nWflXJsXL4jCG5k+Coq7QER0TEidOmxUUXXTQoybF0
6dI46KCDKn0N68SJE+M73/nOoAeKrlq1KmbMmFG7525UeS7RtbeoAAAAQBnmz5vX9HaV/v7+WLZs
WcyaNSv6+vpGNIa+vr6YNWtW3HnnnU2TG5MnT65dcqNqEhwAAADQwdKlS2O3XXcd9ODRtYmHZcuW
DXrYZ1mmT5/eMpFy1113xa677lqr21JGiwQHAAAAJFj74NGvzp8/aF5fX19cdNFFsWzZsrjwwgtj
0qRJw2pr0qRJceGFF8ayZcvioosuanqFyPz582Py5MmV3iJTZ57BUSNiprt4BsdYpO/dp1v7VSXH
yuEzhuTOMzjqKv0ZHM2cOG1azJo1K3bZZZeWZVauXBkLFiyIxYsXv/zmy7vuumtAQqKvry/e8pa3
RMRLz9eYNGlSTJ06te0tLw8//HDMnj07i1tSPGS0BGKuRo4xUxUJjrFI37tPt/arSo6Vw2cMyd2y
ZcsG/Ag+5phjYuHChaMYES8ZXoIj4qXkxBnTp8eZZ5456AGkI2HVqlVx8cUXx9y5c7O5aqPKc4lx
jUbj3E6FcjyoiLkaOcYMAFVyrBw+Y0juFi9eHPvss09svPHGceWVV8bcuXNHOyRK8vzzz8eixYvj
iiuuiI022ij22WefEWtr7ty5cfTRR8e//uu/xvPPPz9i7eTMFRw1Ima6iys4xiJ97z7d2q8qOVYO
nzEERsbwr+BYt0hfX18ceOCBMWXKlJg6deqwrupYtWpVLFiwIBYuXBiLFi3K5oqNdblFpQR1izkp
mgpjrtv4wIhL2LHW7Wdc1/6wzHBdlKVr12mFUsbQMa4+rAsgf8NLgvT398eUKVNil4kTY+LEiS9/
9srEx6pVq15+A8ry5ctj+fLlsXDhwu55K0qF534SHBWR4IBRluGP6q79MZzhuihL167TCklw5MW6
APJX/lUeY06F535eEwsAAABkT4IDAAAAyJ4EBwAAAJA9CQ4AAAAgexIcAAAAQPYkOAAAAIDsSXAA
AAAA2Ws0Go2Or5yt2zvM6xZPiipjTmsqvzGEXBQJ7/quUt3iKYt+wejK8XwMYOjKOS6P7cN7586X
NT6u4AAAAACyJ8EBAAAAZE+CAwAAAMieBAcAAACQPQkOAAAAIHsSHAAAAED2JDgAAACA7ElwAAAA
ANnrbTQaox1D9uo3gvWLqCq25xopis5FKghjNJS1HRYJY5iibvGUJaVfdYs5Rbf2i/pwrOw+SWu0
vEIJKtxHJTRlj8nwpHwvOm9l5dRCJ67gAAAAALInwQEAAABkT4IDAAAAyJ4EBwAAAJA9CQ4AAAAg
exIcAAAAQPYkOAAAAIDsSXAAAAAA2Wv09PQUox3EUDUajdEOYYAq46lb38vSrf2iPooiu11daars
e47jnGPMKbq1X2OZY2V9WBdjVUn71YRq7MG7Uee12r2H7ur67goOAAAAIHsSHAAAAED2JDgAAACA
7ElwAAAAANmT4AAAAACyJ8EBAAAAZE+CAwAAAMieBAcAAACQvUZPT08x2kEMVaPRGO0QBigrnrr1
K0WOMcNIK4rsdquVxmx86qNb+1U3jpXVMM50l5L2zwnVOBJUpZyR7tpDd0LHUrruCg4AAAAgexIc
AAAAQPYkOAAAAIDsSXAAAAAA2ZPgAAAAALInwQEAAABkT4IDAAAAyJ4EBwAAAJC9Rk9PTzHaQbxS
o9EY7RAGqDKesdz3HBmf9oqiVruW2slxfKqMuW7jU7d4qjSW+24/Xw3jDKOtpP18QjVj94iSqpxB
zHOcO0edckriCg4AAAAgexIcAAAAQPYkOAAAAIDsSXAAAAAA2ZPgAAAAALInwQEAAABkT4IDAAAA
yJ4EBwAAAJC9Rk9PTzHaQbxSo9EY7RAGKCuebu1X3XRrvxi+oqjVrq40detXlfGM5b7nqMrxcSyo
hnGuj0pXRcJX2d5wrCpnzTucdlLOl7B+w9w5opRtwxUcAAAAQPYkOAAAAIDsSXAAAAAA2ZPgAAAA
ALInwQEAAABkT4IDAAAAyJ4EBwAAAJA9CQ4AAAAge42enp5itIN4pUajMdohDFBWPN3aryrlGHOK
pF5V2fei8y6hVjuNihUJ41M3dYu5rHjq1q8UOcZM9+nW42lZjM9YlXD+YxdekbLOE0qpJlPduj13
DtoVHAAAAED2JDgAAACA7ElwAAAAANmT4AAAAACyJ8EBAAAAZE+CAwAAAMieBAcAAACQPQkOAAAA
IHuNnp6eYrSDeKVGo6GtjNpKkRRN3WKuWTy0VxS12o3VLp4UVcbcrW2lqFs8dJ9uPX51a78YqxKO
BeUUGeOMc3ude1a/05bOAbmCAwAAAMieBAcAAACQPQkOAAAAIHsSHAAAAED2JDgAAACA7ElwAAAA
ANmT4AAAAACyJ8EBAAAAZK93tAPoBo1GY7RDqLcKx8e6GJvKWu9FUZRST0o8ZbWVo7E8PmO57wxf
tx7jcuxXjjF3r4R9ZjlFSpSw/SQVKSnq2o1PWVIGsXPPEopkOj6dpezp6vbdcQUHAAAAkD0JDgAA
ACB7EhwAAABA9iQ4AAAAgOxJcAAAAADZk+AAAAAAsifBAQAAAGRPggMAAADIXu9oB8DQNBqN0Q5h
gLrFA8ORsj0XRZFdWynqFk9ZurVfdJ8cj6d1i7lu8VCVhPVeTpGIKOd4Ud5hp6RtvtE5oJSW8jyc
pmwcCeOT0Pf6DU85fa9bx1zBAQAAAGRPggMAAADIngQHAAAAkD0JDgAAACB7EhwAAABA9iQ4AAAA
gOxJcAAAAADZk+AAAAAAstc72gFAqkajMdohAMCQ5Xj8qlvMdYuHsaqc7bDRKEqppyinmqi0X+UU
qVjC+JTUd4bPFRwAAABA9iQ4AAAAgOxJcAAAAADZk+AAAAAAsifBAQAAAGRPggMAAADIngQHAAAA
kD0JDgAAACB7vaMdAEBOGo1GxzJFUWTXVt3oe3vd2vccpayvuqky5hzHp0pje3w678e6d1dXznpv
NMoZoPLGOaFfCTGndCvHTSPl616/bb5z0CnbYZX9cgUHAAAAkD0JDgAAACB7EhwAAABA9iQ4AAAA
gOxJcAAAAADZk+AAAAAAsifBAQAAAGRPggMAAADIXu9oB0B9NRqNrmyrSt3aryoVRTHaIQxZynrX
r/rIsV85xlw3Oe6f6xZz3eJJkWPM3avzuqh2dZWzz6x211vOAKWNc0LHkookNJZUpKx4ypIyiJ1b
S1kXDu/tuYIDAAAAyJ4EBwAAAJA9CQ4AAAAgexIcAAAAQPYkOAAAAIDsSXAAAAAA2ZPgAAAAALIn
wQEAAABkr9HT01OMdhCv1Gg0smurbvWUpVv7lSLHmGmvKGq1q0tSVsx163uV8XTrGNZNyvjYr7aX
4/lPWeoWT5XSup7j+HTeJ9itdtKtY1hlvxIqKqdIiXKMOUV1690VHAAAAED2JDgAAACA7ElwAAAA
ANmT4AAAAACyJ8EBAAAAZE+CAwAAAMieBAcAAACQPQkOAAAAIHuNnp6eorLGGo2qmoq0pjoXqjbm
/NqqMuay5Bgz1SiKynaHpSkr5ir7XrdxHst9Z/hyPHaXpW7xpMgxZqrSef+c5y48IehyipSobjHX
bduoWzwpqovZFRwAAABA9iQ4AAAAgOxJcAAAAADZk+AAAAAAsifBAQAAAGRPggMAAADIngQHAAAA
kD0JDgAAACB7jZ6enqKyxhqNqpoqra0cY66yrSpjTlG3eBibiqKy3WqSsuKpsl/dOoZ1a2ssy/GY
W57O8VQZct3Gp27xUIKE/Wq1e96EeGp3KEgIqJwiJapynOu2TusWT4KSvqeu4AAAAACyJ8EBAAAA
ZE+CAwAAAMieBAcAAACQPQkOAAAAIHsSHAAAAED2JDgAAACA7ElwAAAAANlr9PT0FJU11mhU1VRp
bY3lmKvse4q6xZMix5jrpigq20VVqm79KiueKvvVrWNYN2X1Kse9Yf324Z3jqTLkHM+RcpTW9bLG
p/M3vkt3dSWqcgwTKiqnSInqto1VGE9CRVV2vX7nLeWsC1dwAAAAANmT4AAAAACyJ8EBAAAAZE+C
AwAAAMieBAcAAACQPQkOAAAAIHsSHAAAAED2JDgAAACA7DV6enqKyhprNKpqqrS26lZPlW3lGHNZ
6hYPw1cUle3qSlO3mMuKp1v7VaUcYy5LnvvnzjFX2a2xfHxPGeiaRUwpOu8zs9ytJgSd1q26jU+3
xtOt/apOyvmPKzgAAACA7ElwAAAAANmT4AAAAACyJ8EBAAAAZE+CAwAAAMieBAcAAACQPQkOAAAA
IHsSHAAAAED2Gj09PUVljTUaVTVVWlt1q6estuoWT5XEk5eiqGwXlaR28SQVqi7mssanbv1KUbdt
g+Gr2/65a4/dKectFYRRtrptP/XTeZ+Z5241v36Vd/yqV9+rPS6X1fexPIYJEuJxBQcAAACQPQkO
AAAAIHsSHAAAAED2JDgAAACA7ElwAAAAANmT4AAAAACyJ8EBAAAAZE+CAwAAAMheo6enp6issUaj
qqaS2koLp5yYy+p73erp1rbSNo3q+kU1iqKy3WGlbaXo1niSaqlZ31Nk2a+U43IFYYyGHI/dKcTT
Xt3iqZsiZU9Ws91Ytx4rE1vrXKKkcLr1fKy0c5suXe9pOjfmCg4AAAAgexIcAAAAQPYkOAAAAIDs
SXAAAAAA2ZPgAAAAALInwQEAAABkT4IDAAAAyJ4EBwAAAJC9Rk9PT1FZY41GVU0ltVW3eMqqJ62p
6uIpS5VjmKMq13uazruWorK9T/0UFXa+W9tKkRbO2B2fbpXjsaks3RtPWec/OarXsXss69bjaY5t
5RhzeW3V6xy7buc2ruAAAAAAsifBAQAAAGRPggMAAADIngQHAAAAkD0JDgAAACB7EhwAAABA9iQ4
AAAAgOxJcAAAAADZa/T09BSVNdZoqKdtPUmlEuqpV7/KaitteKqMOanUSIdBxYqisl1mkqRoSoq5
dn2vWTxlSetWd/Y9Zcea4161yuNpihzPE5J06fbD8BUp+8ya7VbLOsZVeawsr63O9SQ1lVCotIjH
cN9Li7kkruAAAAAAsifBAQAAAGRPggMAAADIngQHAAAAkD0JDgAAACB7EhwAAABA9iQ4AAAAgOxJ
cAAAAADZ6y2rokajrJrGss6DWNY4V7m+GgmNpcVTTtBVtlVaSzWLOUdFUZRST8r2XJaUiBsp/Sop
5pS+lzXOSX0vpaVqpfWrW3ufIOV4UUEYZStvv1HdeUKSDNdXlfvwNGWd2JVTTdLuJ61QZdKOlSmF
hhtJupRjZd221bJiTjtPKGdfV9Z5VFI9FfY9KaKkASrru1xSzCVxBQcAAACQPQkOAAAAIHsSHAAA
AED2JDgAAACA7ElwAAAAANmT4AAAAACyJ8EBAAAAZE+CAwAAAMheb3lVNcqrqgSNksKpWz3ljXM5
9TQSOpbW94R6kqopqV+1a6u0QmNWyrYaUXQu0blIeVIaK2/n0lFK1yvdQyX0vah0hXWWthWWs63W
T1nHi+qk7TcqlHLMrSCMvzRWXTy1WxelKetEM6FMlTvxCtXteJFST1nbc5VtpaluIyur70lrvaRt
I2VVpJ36lbM9lxVP3biCAwAAAMieBAcAAACQPQkOAAAAIHsSHAAAAED2JDgAAACA7ElwAAAAANmT
4AAAAACyJ8EBAAAAZK93tANYV6N2NVVXT6NRTltV1pPWVIX1JFVTXTxlKS+c6mJm+Mr6LhdFUUo9
KdGU01J5UsYwbXiq61nd9j95Kms/X6UKY045DpbUVJK6xVOahKjLKZKkqLSieh0NUqIp7+uVctyp
2fgkxJN2TlLOtlFWPOX1q7O0dVrddyetpQrjqfB74QoOAAAAIHsSHAAAAED2JDgAAACA7ElwAAAA
ANmT4AAAAACyJ8EBAAAAZE+CAwAAAMieBAcAAACQvUZPT09RSkWNRhnVJNWT1FKV9SRUlDY+5bSV
Vk+92kpqqcKYk2qpsq1qCzFMRVHKbrVSecacVGqkwyi/pQzXRZqy9uEVKutcokJlHXNLU+UYZri+
aC9tN1/OPrPKY0qVx9yUtsqKp8p6xFxVPSn9Gn4sL9VTTkWu4AAAAACyJ8EBAAAAZE+CAwAAAMie
BAcAAACQPQkOAAAAIHsSHAAAAED2JDgAAACA7ElwAAAAANlr9PT0FB0LNZKqGn40EdFIaCylTFlt
lVVPWpmk1iprq5GyTuvWVudaUge6pGqqW+91U2W3io57se6V1PUKByitqfxWWHndyq/v1Uo6YJRR
pGJlHQvq1lZJyjq+105JUZfV+dJ2P/Xaj9XvONi5rSpjTomnrHrq1laV8ZRVz1iOOeWbkdKUKzgA
AACA7ElwAAAAANmT4AAAAACyJ8EBAAAAZE+CAwAAAMieBAcAAACQPQkOAAAAIHsSHAAAAED2etOK
NUpprFFONWltlVVPQkVJZdJaK6etpHjKqSgtnoR6yoqncy2l9StpfSVVU90Xo7ymKvwyJ6hy31KW
oihKqafKbSwl4kZSv/JbYUlrq7xCXaqcg2V+W09EWcf3SpV1zE1rrHOJuo1Paao8OS5r/1NdzGUd
d4qUDaik43LSd6duMZemc8wp5z+lfd8TKkqKJ6GppPO6kvarZZ1DliXlt15azEm971jCFRwAAABA
9iQ4AAAAgOxJcAAAAADZk+AAAAAAsifBAQAAAGRPggMAAADIngQHAAAAkD0JDgAAACB7vdU21+hc
onORxKYS2kqpJrFU5yLl9L2R1K+axZO0Uus2PilF6lVPYqEKmyrry9ydiqIY7RBGRFKvatb3lGga
KTH7XpSgrP1qlcRcjeoCql2/kiTtySprqaxCabvVzqWSDjuNzoXKOl4UKee9Ca0l1ZNU+2V4AAAg
AElEQVTSrwqPyynn86WFk3TsTtl+ErbVkjpWVtdT4imrX3U7p3UFBwAAAJA9CQ4AAAAgexIcAAAA
QPYkOAAAAIDsSXAAAAAA2ZPgAAAAALInwQEAAABkT4IDAAAAyF5vo1FORSVVk1RTaW2lVJQwQClj
mNRUUt9TGisp5kbn/Fda3xPi6Smr7yXFU9JKLSvm0r4XGbbVrYqiGO0QBkiKJqFQI6lQfuu9tLVV
v4oS1OtEIb+tJyLxgFFGkUTlnCdUq7oNqHZdT1JO1Cl7lqSWyjqolFRLI+GYWxQp5z8J9aSch5cU
TzQSel/W4SJlp7CmXuc2SVLOxxL6nnJel/T7oiR1O88sS8oYuoIDAAAAyJ4EBwAAAJA9CQ4AAAAg
exIcAAAAQPYkOAAAAIDsSXAAAAAA2ZPgAAAAALInwQEAAABkrzeiUU5NCdWU1FJpbTVKi6isgMqp
J6mahELl1VNSmYTOp9ST0rGUalJWRlljWNa3p6x+MXxp6z0/RbWFYPSV9F2u3R6h0n5Vdy5aYTVZ
Km33nDCIRUpFCUUaSYU6B1SU1PmUelL63miU1VbKFp0QT0rfE/50njbO3akoqfMp55ApTaXs5lNi
LuuctqzxcQUHAAAAkD0JDgAAACB7EhwAAABA9iQ4AAAAgOxJcAAAAADZk+AAAAAAsifBAQAAAGRP
ggMAAADIXm95VTWqKlJeRY3OhRKKJJYpq62UepRpWyZh40hZF2nbT1JFJZRIK1RWPFVKCjmtprIq
KkURRUqhMau0ridVNIYHOkulnUxUVU3Fqjwfq9KYXqmVaaTsDpPGsHNFRUpFJe3Dk7qVclguOhdq
JFRUFJ37nnaekBBPQpmEIkllqEbadphST0prKV/4em0cruAAAAAAsifBAQAAAGRPggMAAADIngQH
AAAAkD0JDgAAACB7EhwAAABA9iQ4AAAAgOxJcAAAAADZ600p1CituYSayikSjYRSaf1KqafCMo38
yvSUVE+U1FZKPUl9T1pfncNJiqesL0ZZMSepV1vdqiitotJqqkx5fa9dRWNYWfu6ctTt/KeklipW
r47Vb3yqU+2urpzWUg5NRUJbjZRwEgoVRectKCWelI6lxFwkbNFJ8VRaZk1CmXpJ2nzKaqukxsrb
16V8L1LqKed3QZHQmCs4AAAAgOxJcAAAAADZk+AAAAAAsifBAQAAAGRPggMAAADIngQHAAAAkD0J
DgAAACB7EhwAAABA9nqTSjUSiiSUSZPSWDnVlNavlEIltdVIqCipTEJjKWV6kurpnEdLiqenyr53
LJLUr7TNuZx4EguVU03SF6wcdYsnR0WlFZXWGmSipP1PpdXkGHOOyupZdfvVKnfzRUJFjZICKiqs
p0goVKR0LKGeNQllSmoq1qSMYVKZhPPnpMbWJJQpR8oVASnrIkXSeW/KOh12JOVK6VdJQ+gKDgAA
ACB/EhwAAABA9iQ4AAAAgOxJcAAAAADZk+AAAAAAsifBAQAAAGRPggMAAADIngQHAADA/2fvvqPj
qs79/39m1HuzZLliXDGuyB2wjcEmdGx6CwmBS4BLSYBAbgJ8U0i9CSXf3CTrkhBCyy/5AaGYZgjG
ptjg3ruxwQb3JsmSbGnm+4ex0GhmNI+k7Wl6v9ZiLXy059nPPudo5syjffYBkPBSbc08TtpYolh4
TH05auOxtInYxBjHURuvmzheUz6Ra2Txl7PpgDmJY2pj+c1wdY456svZ77u7RkgyfjpLQo5+l+Ps
LSHO0jFKvGNh6yoxj0a0+A3vP6Y96OhtzJKPra/Ijfymrgz7xxDI74+8Fy19+X2R23g9lnwMg7f0
ZcnZ1MYXOR3Ln+BtjQz5GBgaWb4TWfKxsOTs6t3QcvpYvlqZzkNHmMEBAAAAAAASHgUOAAAAAACQ
8ChwAAAAAACAhEeBAwAAAAAAJDwKHAAAAAAAIOFR4AAAAAAAAAmPAgcAAAAAAEh4FDgAAAAAAEDC
S/UYGlnamBgCeVwl5GxgkRt5LG0sAzO0sYWJ3Mhr6stNG683en15vJFrdqbj5Spn07kRsYnx3HBz
0pvCRDFOVFl+vwxh/PE2Lr+zRgDaxNF7QhTfWuLsXcwoMbOOnsjv89H9uDDkY+jLko7HEMhviWSJ
YwpjiOO19GUZl8/QV8Qm8ll2dOSuZPn7utcQyGf5M73P8D3FFMbNSW+6PjR0ZbsWdZOz5Xrecs7b
+nLzHs4MDgAAAAAAkPAocAAAAAAAgIRHgQMAAAAAACQ8ChwAAAAAACDhUeAAAAAAAAAJjwIHAAAA
AABIeBQ4AAAAAABAwqPAAQAAAAAAEl6qPIZWljYmrgK5SdrjsbQx9GRp4ywfQ5to9uWNZpzI9Tiv
q3E5a2OoIZrOMTf52H4vDGEscdyEsfXlrjO0wB/rBNoiqkkn5B6KM1H8PY2zt4Q4S8ehJB2ZZVgJ
+Jbgd5W0IYylL4+jOPJHPmCWOH6/pS834/IZcpbfZ2hjuBb1RU7Ia9g/Pq8hH0MTy9/gPZZAhutw
vyGO6XreEscQxXRyGPgt54+F6b3OkLPlYt0Sx4AZHAAAAAAAIOFR4AAAAAAAAAmPAgcAAAAAAEh4
FDgAAAAAAEDCo8ABAAAAAAASHgUOAAAAAACQ8ChwAAAAAACAhEeBAwAAAAAAJLxUV4E8rtp4Irey
xTE0ssQxNTK0sjRxNDCPoWxl2s/eyG28ljimNpGTtvUVOY5lXLac3ewf0zE1/V5Y4kROx9jITRjb
b5gT8ZZPIvLHOoG2iLuk4y6hKIqz3684S8fCXcpxNvg4SyfuOHrbsITxWFrZAhnCuOnLEsdviOMx
NDL15TG08UVu47X0ZfhbtSlnry9iG1/kJvIa8vF5DIEMPH7LNXbksbuK4zfEsfx++S0XrJbz2ZCz
ien33ZKz5Xx2gxkcAAAAAAAg4VHgAAAAAAAACY8CBwAAAAAASHgUOAAAAAAAQMKjwAEAAAAAABIe
BQ4AAAAAAJDwKHAAAAAAAICER4EDAAAAAAAkvFTJY2hmaOMojImzdCyBIrcx9WWKE7mN11EcV/mY
4ngj19FM4zK08Xod5Wwal2UfRh67LZ+ITUxxbOezm18wUz7O3hQMPZm6il4+aJk/1gkADnXsd5aO
PXonTLsw8rum6X3V7+YawG/ozWPoy5SO3zB2j6GNpTNDX6Z8vJHb+Axx5PcZ2kRuIp/hetVr6MvQ
xHKt7jPEsVyHy+fmGtty0juLYzletkYRW/gt51jcMXwfjEIWAAAAAAAAxxQFDgAAAAAAkPAocAAA
AAAAgIRHgQMAAAAAACQ8ChwAAAAAACDhUeAAAAAAAAAJjwIHAAAAAABIeBQ4AAAAAABAwkv1OAvl
KlLkOB5LXx5LGydNTH1Z4nhc5WzJJ4ptvI5y9noj1+Oc5RzFvmzHPYrH1N0vRrTC2Ppy1xmiwB/r
BIAo69jvPh179JFFfkf0u/rMNbz5Wt6fPX5DzpbLDVMcw9gtcUz7OTLLuOSL3MTyV2i/oZXP0pnp
0s/N9aHpXDWdG5Ebmc4NS86Gvjwew/njLE7EJjamwTvqy1EgS8rM4AAAAAAAAAmPAgcAAAAAAEh4
FDgAAAAAAEDCo8ABAAAAAAASHgUOAAAAAACQ8ChwAAAAAACAhEeBAwAAAAAAJDwKHAAAAAAAIOGl
yhO5kaGJiccQyVVfFpZ85HGTs8cQxxLJtA8tfVnGFXdtIjYxxfF6421crtoY6pWm33dX51jkJqZz
3lGc5JWcY/fIH+sUgChLzt9luODmWtRveV+1fLwbwvidxTGM3R85kOkTxbQTDY38vshtLH9iNoSx
8Fg680TuzFkcRyeH6drY0Qlt6ctvGJfH0Jcljuni2PTr7uY9wcLwa2rsLHIgZnAAAAAAAICER4ED
AAAAAAAkPAocAAAAAAAg4VHgAAAAAAAACY8CBwAAAAAASHgUOAAAAAAAQMKjwAEAAAAAABIeBQ4A
AAAAAJDwUl0F8rhqZGjjsbQxBXLSRB5LQoZIpnEZGlniWCpbtr6i2SZy1tGNE7mN19CXvI72j6Nz
zNLI2TlviGL7PXX0y2xrhKiI3rHwR60n4NjjXSw64u59w5SQq7PD0pmlr7jbiwaWnC1X2b7ITRwd
Lo8lZ9N1piWOpavIjfymQJHz8fjd9OWx9GVI2W/IxzYuQ1+mX8Fo/p662c9+QzrM4AAAAAAAAAmP
AgcAAAAAAEh4FDgAAAAAAEDCo8ABAAAAAAASHgUOAAAAAACQ8ChwAAAAAACAhEeBAwAAAAAAJDwK
HAAAAAAAIOGlmlp5jnEWx4IhZ9OwPG4GbwljamPrzUlnHlMbSzZR7CuqcQyBDCVESxyv5Zh6DTk7
+sWwHdPIcYyNHLRw2ggA0MFF9dPCb2jj6BrS76ozZ6KYj7OuDIH8bg6YKWVDX6Z0LHFM14eRs7b0
ZbkW9Rv6Mv5iuGHaz5HbmPazIWnLcXc1dsslv99RX8zgAAAAAAAACY8CBwAAAAAASHgUOAAAAAAA
QMKjwAEAAAAAABIeBQ4AAAAAAJDwKHAAAAAAAICER4EDAAAAAAAkPAocAAAAAAAg4aVKHjeRHIWx
9RW9nE09ORu7JaHIbTymNk6ysbVylo+rsUexjSFnU5XR0Mi2fwxxbI0it7HkY4gSzV9CW1fRfLNL
PP5YJ9AGHfqIJuIB68g68snakc9Vw3H3O9pBHr+rC8TI+fgt1wmGYfkNjSzXSCaOzkPLbrZ0Zts/
kds4i2O4RvKbBm8Yu6NxWc4Ny7lqu+61/F446coUyFGYuMMMDgAAAAAAkPAocAAAAAAAgIRHgQMA
AAAAACQ8ChwAAAAAACDhUeAAAAAAAAAJjwIHAAAAAABIeBQ4AAAAAABAwqPAAQAAAAAAEl5qdLvz
GFpEbuOmJ3uryFEM4/IY+rKk4yZlWyBLE1dtXOUTuYmJ6VCYxu5mB9nOsWjmY+CoUTT7im5XbvLx
O4nijrO3qHgbWNxxtIOcHTC0jB3dXv6k3YWG32VDE1fXz35PNPOJHMhvuSYxpWxK2hLICVffUyzH
y2P45XEWx9V+juKxcCbOzp942z3RxAwOAAAAAACQ8ChwAAAAAACAhEeBAwAAAAAAJDwKHAAAAAAA
IOFR4AAAAAAAAAmPAgcAAAAAAEh4FDgAAAAAAEDCo8ABAAAAAAASXmo0O/NEs7ME5DHsIcs+dLef
o9ibKYyhUZzFcZVONNnScZO0u/0TzWMRXwcsvrKR/K4CxdvAXGEHAW0SzTPe2a+piWVk0c0oajrw
0AEcO8zgAAAAAAAACY8CBwAAAAAASHgUOAAAAAAAQMKjwAEAAAAAABIeBQ4AAAAAAJDwKHAAAAAA
AICER4EDAAAAAAAkPAocAAAAAAAg4aXamnkctDCKYiBTVx5nCUWPJWVDG8vQo7l3bIfCcNwdxXEl
ztJJUH5DG1c7MZp9RY9lVHEnIZN2JTkHn5yjQmSW98wkPTuiOCx/FDsz9WVJxx+5kbNRxdkpFs3j
ZeEsH9Nxd9NVVCVizkmKGRwAAAAAACDhUeAAAAAAAAAJjwIHAAAAAABIeBQ4AAAAAABAwqPAAQAA
AAAAEh4FDgAAAAAAkPAocAAAAAAAgIRHgQMAAAAAACS81FgnkBQ8sU6g9RIwZSO/oY1l9K7iOOop
eukYR+4mIb8hjsdvGJihiaUvWfoyseyfjou9EwE7CB1Osp70bsZlihLFXWj7PDU08TtK2hDHkrMl
G1scQxvL2E370NLGTV+2wx69E9FRysac4+s9ytmvjpswcYcZHAAAAAAAIOFR4AAAAAAAAAmPAgcA
AAAAAEh4FDgAAAAAAEDCo8ABAAAAAAASHgUOAAAAAACQ8ChwAAAAAACAhEeBAwAAAAAAJLzUWCdw
zHhinUAzcZaPP4ptXA3db+jNY+jNXc6RI/kNkTxR3Il+v2UfGuJ4LONyMzC/ZQdZurKNzBIISYaj
DoTAL0YcsVxvOAljjOPm5LBc19maGPaPJY7f5yYfVzm76sy0fxxd9Ud17JGbOGtj4ug8dNWXmzDO
OHrbMGEGBwAAAAAASHgUOAAAAAAAQMKjwAEAAAAAABIeBQ4AAAAAAJDwKHAAAAAAAICEl7xPUTlG
MjMzlZGRofT0DKWnpyk1NVWpqalKSfHK08KTJbzeyLUkj6HeZAhj6kseS1+RnzrhNcTxOIsTsYkp
jmnslqeEGB7K4bGMyxYochNHj1qxpGPLx9SbkyY2cfYoI8SNeHxYhN/vl8/nU0NDgxoaGnT48GEd
PnxYhw4dUl1dXazT61COfOanKy0tTWlpaUpJSVFKSoq83pY/9xNePP5idFjJ+RQVVyeZ6UEZUXyK
is/UWeS+TOPyWZ7cEbkvnyGOJSNLHJ9l7D5DG8uxMMSxtLGNvX37+cjnfoMO19ervr5ehw8fVl1d
nQ7V1ammttaQI46iwBFBWlqacnJylJOTo6ys7JDf6yyFAAAArDweT+MXaUnKyspq/Jnf71dtba0O
Hjyompoa1dfXxyrNpJSamqqsrCxlZ2crMzMzuYsYAIC4cORzP1Ver1cZ6ekBP/NLOnjwoKqrq1Vd
Xa1D/KGjRRQ4wsjPz1d+fr6yc3JinQoAAI08Ho+ysrIaix61tbWqqqpSVVVVjDNLbLm5ucrNzVVm
ZmasUwEAoJFHUk52tnKys6XSUlVXV+vAgQM6cOBArFOLS560tLSIc24sf72wTGLwWG7TMN0aYMjH
0Ffz2xC8Xq+KiopUUFCglNTUVvTlJp/EvEXFcLxMx8JybkRsYhy75fYKN8fC0pdlHxrvGzG0iOJt
LNEN5KCFO8zsTizJcrwaGhpUWVmpAwcOGKfcwuv1Kj8/X3l5eY2zZQIky8kB52ynhqMTKKrnYfQ6
c3VriaWR33KbjyWO7b4RQz6WMG5ydnXLjOUuFsutJe5uCUm822Estwu15pjW19dr//792rt3b1D/
tnG5+r1wcwuP7e63yI2YwfGl4uJiFRcXm76MAwAQb1JSUlRYWKiCggLt27dP+/fvj3VKca2goECF
hYXcggIASEipqakqKSlRUVGR9uzZoz179sQ6pbjQ4QscOTk56tSpk9IzMmKdCgAA7ebxeFRUVKTc
nBzt3bdPBw8ejHVKcSU7O1tFhYVKa3aPMwAAicjr9apTp07Ky8vTrl27VF1dHeuUYqpDT1coKytT
127dKG4AAJJOWnq6ysrKVFxcHOtU4kZxcbHKysoobgAAkk5GRoa6deumsrKyWKcSUx1yBkdmZqbK
ysoCVqUHACAZ5efnKzMzU7t37+6wj5jNyMhQSUmJ0ilsAACSXGFhoTIzMrR9+3bVdsBHzHa4GRy5
ubnq0aMHq6QDADqM9PR0lZeXKzs7O9apRF12drbKy8spbgAAOoyMjAz16NFDubm5sU4l6jpUgaOg
oEBdu3ZlQTEAQIfj8XhUVlamvLy8WKcSNXl5eSorK+NzHwDQ4Xg8HnXt2lUFBQWxTiWqOkyBo7Cw
UJ07d451GgAAxFRJSYnyO0CRIz8vTyUlJbFOAwCAmOrcubMKCwtjnUbUdIgCR0FBQYdfbAUAgKOK
S0qSeiZHXl6eiiluAAAg6cjDNTrKTA53i4zG3exPv6Qja2507lzW+O9A8ZW0P2SOzdtEzjlyFMlj
bBUtfn/kfCxTjF3FsexFvz9yHMt+dnYkDI0sfVnYxm4KFLmNLZCDFlbx9b7himn/ONuJ7o4G2q64
qEgN9fVJ9zi5nJwcFRcVye/zxToVIK64ep+3xbG0slxrmTpzEsdyDenqesPvs+Tspo38kd8LbfvH
Eid6x93Z/jFwNy5H1z9tjNO5c2c1NDSoqqrKHCaa+9nVuZHUMzgyMzPVpUuXWKcBAEBcKi0tVUYS
PSo9IyNDpaWlsU4DAIC41KVLl6R/2EZSFzjKyjqzsBgAAC1IpnUqkmksAAC45vF4kn5dyqQtcJSV
lSkzM3n+KgUAwLGQnp6eFIWBkpISHgULAEAEGRkZSb0+ZVIWOHJycjrUSrEAALRHXl6esrOzY51G
m2VnZyf1oqkAALhUWFio3NycWKdxTCRlgaNTJ+6/BQCgNYqKimKdQpslcu4AAMRCsn5nTroCR3Fx
sTIymKIKAEBrpKWlJeQj5AoKCpSWlhbrNAAASCjp6ekqLi6OdRrOJVWBw+v1JuVBAgAgGgoLC+X1
Js6lgdfr5ZZUAADaqKSkOKE+9y2SajRFRUVJd4AAAIgWj8ej/Pz8WKdhlp+fz9PSAABoI4/Hm3S3
eaa6CuQ3tDnWlyDxPbU2HvZQKxlS9nsiN/IYAvkNY7fsQUsrj9+Qj+VQmA6pIZAlH0tXjtrYGrk5
piamgxFNtjMRx17cHYm4S6htcnJytWfP3linYZKTkxvmLTRJDkacYy9HENUd5KYzUxRHjQyXP8au
LK3c7B+fqStf5CaGOD7TDnLTl98Ux3JMDXEip2OMYxqYiyamviz7x8JdHFMrSVJhYYF2797lpN9j
L/LAkma6Q35+vlJTndVrAADokFJTU5WbmxvrNCLKzc3lcx8AgHZKSUlJqNmbkSRNgSO+Z28AAJA4
8vLiv8CRCDkCAJAIkum7dFIUONLS0pSVlRXrNAAASAqZmVlxPTsiNTVVmZl87gMA4EJWVlbSPJEs
KQocOTk5sU4BAICkkp2dHesUworn3AAASETJ8p06KQociXCvMAAAiSSeiwjxnBsAAIkoWb5TJ0WB
g9tTAABwKzMzM9YphBXPuQEAkIiS5Y8HCV/gyMrKksfyKE4AAGDm8XiUkZER6zSCZGRk8LkPAMAx
kAwTBxK+wJGenh7rFAAASErx+BkbjzkBAJAMkuEzNn6XSDcK99clv+G1rv7+Y+kruvlE7s1j6M1Z
zqZAhkZ+Q2+GJrb9Y4ljaeQmZ48/cm+289Awdkc5W9jCmPa0E9HrycZw2JNWVIeekPs5OkmnpqbI
52uISl9W8ZgTEIqz31JHgWxhLNdj7npzwXT9Y/lAtVxrmcJY4rj59mDLxxexjc+Ss8/NMbXEMe1D
V/kY9o/t3HCVj6WNq2+fwdoyc9PV2F1hBgcAAAgpHh8ZF485AQCQDJLhu3XCFzhSUhJ+EgoAAHEp
JSUl1ikEicecAABIBqmpif/dOgkKHAk/BAAA4lI8FhPiMScAAJJBMnzGJnx1IBkOAgAA8cjrjb/L
hHjMCQCAZJAM360T/iqBR8UBAHBsxONnbDzmBAAA4kPCFzgAAAAAAAAocAAAAAAAgIRHgQMAAAAA
ACS8qD4Hxm9oE2931iZizu6SjhzIbwjkN8TxOIojv2VgbnaQx2PYP36fIR1DzqZ7zi3jsojefnZ2
uKL4W+hqL7uMFLGn6HVlYkrHXSO0k89neB+LonjLB0gmrt56bddsbjqzfca5ieM3dWa5fjZE8Vly
dtXGzfuqz5Rz5L4scSx70Wcau6EnRxdSrs4fd31Ffm10x+4GMzgAAAAAAEDCo8ABAAAAAAASHgUO
AAAAAACQ8ChwAAAAAACAhEeBAwAAAAAAJDwKHAAAAAAAIOFR4AAAAAAAAAmPAgcAAAAAAEh4qfLE
OoU28IT5/1bzt7Kz2MfxG+LYdomjvgxD9xsaeSz5mHazoxPa7zM0ilwf9BjGbhmW3zJ4v+F4GfaP
JR9rq2iFMQVy0wQOmPaz6Rc+viRexjYNPsv7YfT4EvDcSNqTAxHE14G3vfc6axQ5iulz2dWHdxRz
NjSyjStyG9P7oSkfQxjDZ4Fl7D6fqTcnfUWzjUW85WMRzXcxV2NnBgcAAAAAAEh4FDgAAAAAAEDC
o8ABAAAAAAASHgUOAAAAAACQ8ChwAAAAAACAhEeBAwAAAAAAJLzUWCcAAMlu3Lhxys7Obvz38uXL
tX379hhmBAAAACQfChwAcIxdd9116tGjR+O/f/GLX1DgAAAAAByzFTg8xziLJvyGNlFMx5lojstv
6M1v6M3jKo5h8P4wjUaMGKn/uOHGxoxC6devX8jt69atC53Pl2Fee+01TZ/+Sph8wuf6VSOfoZFh
/0Tz98tvORPRkrbswub73e/3ye+LfP5E92gZft+T9PSJu2HFWUK+Bst7XfTEWz5xd8AQFVE96s46
S7xz1ZSx5TrT9AHm5nPQdB1uCuTmePkMcSz5mNr4XO3nyG1M4zLk4zddz0fmM/UVOY6tjZtzI1yc
gO2Ozo1oYgYH4lpebp769evfpteGK3wcVVJS0qa4QHs1NDTEOgUAAAAg6bDIKAAcY55m03QOHDgQ
o0wAAACA5EWBAwCibPfu3bFOAQAAAEg63KKCuFZZVal169Z++S+3a3DwJRPR0nQGh9/v144dO2KY
DQAAAJCcKHAgri1YMF8LFsyXJHnCTDh6+ulnVV5eHrBt7969uvmWm0K290ZzVU+gmYMHD6q+vj7W
aQAAAABJh1tUACCKDh48GOsUAAAAgKTEDA7gS127dtXkyVN00kkV6ty5TLm5efL7/aqqqtL27du1
eMkivf3WW/r8i89bjHPPPfcqNzcvYNtrr72qjz6aq/Lycp133gUaMWKESkpKlJWVrZqag/r00880
a9bMoMfWVlRUaPLkMzVw4EDl5xcoNTVFlZVV+uSTjXrzzTf0/vvvmcfXpUsXTZ48RcOHD1dZWWfl
5uY2jm/Hju1asmSJ3n77LX3xxRctxrn77nuUm5sbsO2NN17X3LlzNGnS6Tr//AvUo0cPpaena+3a
Nfre9+5u1+tcjmHixNM0adLpAdvq6mr1i1/8PGT7e+75viZNmtT475/+9Cf64IMPgtpNmDBBZ5wx
OWBbbW3ouDU1NUHbevXqpbPPOUcnnHCCysvLlZWVpYaGBlVXV2vPnj1atmyZ3nvvPa1atSpkngAA
AAAocABKTU3VN795nc4//3xlZWUH/TwrK0ulpaUaPHiwLr7oYk2fPl1/feJxNYS5zaCiYqSKiooC
tq1evUqdOnXSN7/5LeXlBRY/0tIKNHhwgQYPHqzRo8fowQd/okOHDumOO76jKcBwZGoAACAASURB
VFO+ppSUlID2JSUZKikp0ciRo/TGG6/r0Ucfjji+a6/9hs4773xlZWWFHd+gQYM1bdpFevXV6frb
354IextFRUVF0PjWrl2jE088UZdccmnAehOFhUXtfp3LMVRXV2nMmDFBr3/66af12WefBmwrKCjQ
hAkTArZNnHhayALHqFGjg+KuWbOm8f+b3hVVXV0dkPeN3/62zjzzzKDjfPTnnTp1Uv/+/TV16lTN
nj1bf/7zn7Vr166gtgAAAEBH57DA4Whdg3hbHiFG+dxZUK4zs/O1pO6gfrr3C1X5GyRJfsNrQ6Wc
6/HqvoJyDU3P1lu1B/RoleELkqmzyI38jnaix5RQYM+RtmZnZeu++x7QqFGjTBGzsrJ16aWX6fjj
e+unD/5ENTW22w1OOeVUHX9875BfYpsaNWq0rr/+BuUXFOi0iZNabCtJZ511trZv36a///1ZhRpv
Vla2fvjD+zRypHV8Wbrkkkt1/PHH68EHfxpytkEoFRUVOvHEQUGPQ/X5GuT3hz9ultdlZmbpvvta
P4ZevYLHsHDhIlVXVysnJyfgNYMGDdLmzZulJrmePO6UoOM1cOBA+Xy+oD579uwZtG316tWNbX/8
4x8rPT1d0pFbVHw+n7KysvXTn/5Ug4cMMY0rJSVFkyZN0vHHH697771He/bsMb1OChgW0Go+X0Os
Uwjg9wf/DqJ1eEuIkqjuaMv1mJMwRtHMx9CXIY7f0lkUP1B9pqQtY49eGwufL5o5u/m8sI3dTRtn
OVvahBmXq2Pd2piu+mUNjjh0ckauzszOlyQNy8jWlC//vz0mZ+VraPqR2QlTMvM1Lj14pkJHdOed
d5mLG02NHDlSd955l7l93779IhY3jrrggqmm4sZRU6depIyMjJA/++537zQXBpoaMWKkvvvdO83t
Bw0aHFSkkBSyGNDa1915Z9vGcOQYBY6hvr5eGzasD2rbp0+foG3Dhw8P2lZaWqoTTzwxaHv37t2D
ti1durTx/zdt2qS1a9dq7dq12rJliyTp+uuvD1nc8Pv92rVzp/bu3Rvyjb5Xr1665557g7YDAAAA
HR23qMSh3mnpAf/OcfDUj+Yxjk9N15xDHXuxwylTztSECRODtjc0NOijjz7S6tWr5PV6NWDAAI0e
PSaoQDFh/AR9POVMvfXWDFN/fr9fixYt1KpVK1VfX6++fftp7NhxLRY+li9fpiVLl6j+8GH16dNX
Y8eOU2pq4K/tkVspJgblMXnyFI0fH3iLxdHxffzxR1q9enXj+EaNGh2Ux/jxEzRlysd66623TOML
paGhbVXoo6+zjMHjOXqMbGNYtWqVhg4dFtDuuON6BfUxMEQhQ5LGjh2nlStXNv77hBNOCJoRUldX
p48//ijs+HJycjR58uSg7WtWr9bDDz+sjRs3SpIGDxmiu+++S127dgtoN2LECA0ffpIWL14Utg8A
AACgo6HAgQ5r2rSLgmYPNDQ06KGHf6u3ZgQWC84882v67nfvDPgC7fF4NG3qNHOB4w9/+B+9/PKL
AduuvfYbuvrqr4ds//TTT+qpp5880teXt/lceunluv76G4LaDhgwICiPqVOnhRzfI488HNR2ypQz
9Z3vfDdofBdeOM1c4PD5fFqwYL4WLVqk3bt3KSUlxVTgaOl1LY1hRtAxCj2GqVMDx7Bo0SJdfvkV
Aa9tPgNj4IknqrS0NGS+Q5rNugg1o2Pjxo2qq6sLN2QNGzZc2dnBs6h+85vfHLlV5kvLli3V//zP
/+hnPwterHTUqFEUOAAAAIAmKHCgQxoyeIj69e0XtH3WrHc1Y8abjQWFo2bMeFMVFRU6/fQzArb3
7dtPgwcP0fLlyyL22by4IUkvvfSirrjiqpCzOI4WN5qaPv0Vff3rX1d6euAtKcXFJQH/Hjx4iPqG
GN/s2bNCFmTeemuGTjqpQqefHviEkb59+2rw4MFavnx56EE18eijj+jNN9+I2M76usGDB6tv375B
22fPnhVU3JCkGTNsY1i0aJEqKysDFnstKipSz5499emXxYWxY8eGzbdv377Kzc1VVVWVpNC3t6xZ
szrs6yUpPz/4tjO/36/a2tqg7R9//LHmzp0jrzfwHNm7174GBwAAANARUOCIsjxPisZl5mhoerY6
p6SFbNN8++SsAg05umaG4W6VUE3KmsU8IyNPg9OCn0YhSTsa6rXscI0+PlSjqiRdzK1ixIiQ219/
/bWwr5k+fXpQgUOSRlSMiFjg2LLls5Db9+/fr6rqKhXkFwRsD7fITk3NQVVWVqqkJLDA0fzJIhUV
FSFf/8Ybr4fN8bXXpgcVB47EGmEqcLSluNHS6yoqwh2j8GN49VXbGNavX6eTTgrcR4MGDW4scAwe
HH7hz4yMDI0bd3Jjoahnz+OC2ixZsiTs6yVp27bgx9h6PB5975579Jv//m9t27Yt4Gf3339/i/EA
AAAAUOCIqlMycnVnYbnyvLbFJo8qT01TeWroYkhbdU5JC1tgUZo0OTNPVT6ffle1MynX6jj++N5B
22pqarR4yeKwr1m+fFnIJ3D07h0cq7nmX1ibqj8c/DjW3bvDP+Wmvj74iQbN1+Xo1ev4oDY1NTUt
fvFevnx5m8fX9NGnrdHS647lGFatWh1U4Dg6EyMnJ0f9+n01+6WhoUGzZr0bUNwaMaKiscDR/PaW
2tpazZ8/P2yOkrR48WJ98cUX6tKlS8D2oUOH6s9/+YtWrVyplatWacmSxVqwYEGLsQAkr9riQ6rs
WquqbrXa2+fI+2V9VoMqu3412yvv80yl1hy5rijakKPcrZnK+zxTmXvSQ8YEACCZUeCIkotyinRT
flms02iVXK9XP8jvrD9X79FLNftjnY5T+U1uTzjqwIEDEV9XWVkZ9OU5Ly/yU24aGlr3mMUvvgj+
C39rhMqpsrKt4wveV819/vnn9uSMrwvVr6sxLFy4QFdddVXAtuOOOzITY9zJJwc8leaTTz7RrHcD
CxwnnjhIUugFRjdu3NDi+htHPf7447r33nuDilPp6ekaNny4hg0friuvvFLV1dVavnx52FtzACSX
yq41+mzCbu0cfED1WZFnUTYtdhwtgkhSao1Xpcvz1WN2ifI+Dz1jEwCAZEOBIwpOycxLuOJGUzfk
FGvj4Totqw9eHyBRZWUFL/BYVVUZ8XWVlQdUXl4esC07x/0jd0OtxdAa2dnBF7OVlVURX1dZWRk8
vhCLYTa3Z0/b1oNo6XUux5DT7BgtW7ZM+/fvV0HBV7cG9ejRQ5JU0Wxmx7JlyzR37tyA9uXl5erX
r1/IBUZXr14TMUdJmvXuu0pPT9eNN94YkEdzOTk5GjNmjMaMGaNLL71Mf/nLXzR37hxTHwASQ31W
gz6bsFufj9yr2uLDjmL69MWoffpi1D5l7klT1/lF6jG7pHG2BwAAySh5Cxztf7KqMzcVdI51Cu12
R16pbtgbvI5E6JUiApkORZg1JwKatPaYhonpl3T48KGg7enpGY1rX4Trq/ninpJ0+NDhsGtmNO+3
NZqG9Ae8OjiS3x+4bsehQ8EXyBkZ6fJHWFMlIyN4SvPhw4cjvk7yy9e8jWnAfvl8oWO3ZgxN91V6
evAYDh06HNTPunXrNHLkyMZ/FxUVqWu37kGPh/3www/V4PNrxYoVOvnkkxu3jx07TmVlwYXLxYsX
y+ezHe0333xTixYt0mWXXaZTTz1VnTp1arF9r169dP/99+t3v/tdi+upNGc4PWU5YLY4icfR7rE2
SjitnYF2rMVbPu1Rn9WgLRP3aMvEPabZGm1VW3xYG8/coU/H71L3WcXqPquYQkeSie5blKvPi/h6
z7SlbBl79PaPrS83+9kSJvL1oruc3Y0revlYrw+diOL+iTfeWCeQ7PqmZThfPyMWOqekqndK8tzP
G2rth1BPtrC0qaqOPKsg2kKNz3IrTag2R58WEm1tHUPIYxRiDCtXrgzaNnHixIB1Mfbs2aNFi448
inXhwoUBbYcOHdp4W8tRNTU1EdffaG7Hjh36/e9/ryuuuEJ33323nn/+ea1atSrsbS7p6em65ZZb
1LVr11b1AyC+bDprp+Y+sF6bztp1TIsbTdVn+bTprF1f9rszKn0CABBNFDiOsaEZOZEbJYgh6clz
D2+oRT/z8vJa/At6UVFRyC/P21tYQDRWtm93OL7t253mZnWsx7BgQXAh4txzz5XH89X0naZPXnn/
/fdVX//VgrD9+/cPKnBs2LBBhw4Fzw6yWrx4sf74xz/qtttu0xVXXKE//OF/Qp6r2dnZOvPMM9vc
D4DYqepWq/nf2xjVwkZzRwsd87+3UVXdkuf2UwAAkvcWlTiR60meGlKOJ47u+2mnFSuW67zzzg/Y
5vV6dcYZk/WPf/x/IV8zZfIUpaQET+ldFuERsbGwYsUKnXvueQHbvF6vTj/9DP3zn/8I+Zozzggz
vmWxGV9bxjA53DEKMYaVK1dq7969KioqatxWWloa0KbpE0x27dqlDRs2aMCAAZKCH80rSatWrWph
RF+58847lZYWOLPrzTff1OLFXz3Fp7KyUi+88ILef/99/e//Pqbc3NyA9kfXDAGQODadtVObzgr/
lKxoq+pWp/nf+0S93uikXm+URn4BOrTCwkJNmjRJxx3XUwUFBcrNzdWhQ4e0f/9+bdmyRQsWLNCa
NZHXoRo+fLg6d+6sprdg1NfX69///vcxzB5AR0GBAx3Sh3M+DFpkUpIuOP9CvfXWW9qzN3Dxy6Ki
Il14wdSgOPv379ecOR8e01zbYu7c0OM7//wL9PbbbwUt7llUVKQLL7wwKM7+/fs1d25sxjcnzDFq
yxjCHaN169Zq9OgxIX926NAhvffeewHblixZ0ljgCKWlR9g2NXLkyKD1O6qrqwMKHEft2LFDO3fu
DCpwJOAtkUCHVZ/VoMW3blZVt8hPWIqFTWft0r6+BzX4L9073Noc06ZN09ixY5WZmam1a9fqqaee
Mj1VrSPp0aO7brrpZo0aNTLkOldN7dq1Sx988IEeeujhsG0uuugiTZw4IWBbdXU1BQ4ATlDgQIdU
XV2tmTPf0dSp0wK2d+7cWb/+1a/1+F8f14dffikeO2asvnXd9V/+tSHQu+/ODLlWRKxVV1fr3Xdn
6sILA4syZWWd9Ytf/FpPPPF445f+MWPG6rrrvqWysuDxzZoVu/EdOUYzNXVq4Bg6d+6sX/7y1/rr
X78aw9ixR8bQ2mO0YsXKsAWOdevWBV3kfvjhh7rssstCtj948KB5/Y3ly5fr9NNPD9g2ZcoUffTR
R5o3b17A9pNPPlk9e/YMirF161ZTXwBiq6pbrVZf9XncFjeO2tf3oBbfulknPNtVuVszY5bHfffd
F/I9b968eXrsscfMcbp37677778/4LbDox577DHNmzdPN9xwg66++urG7UOHDtWgQYN0yy23tC35
JHTaaafprrvuND0yXpI6deoUNBsSAKKJAgc6rCef+ptGjx4TtFhjr17H6yc//qkOHz7yFI/mtxIc
tW3bNj351N+OeZ5t9fTTT2r06NHq0qX5+HrpRz/6iWl8Tz315DHPsyVHxxB8jHrpxz+2jeHJJ8OP
Yf78ebruuutC/izUbIrly5dr586dIS/e1q9fH7BGR0uee+45nXLKKcrI+OqpPDk5OXrwwQe1fPly
ffrpp/L5fOrWrZuGDx8edNtNXV2dZsx409QXgNip6larxbdujtlaG61V1a1Oi2/drOG/Py5mRY59
+/bpjDPOCNqem5vbqgLHxIkT1b9//6DtVVVVWrp0qSSF7GfgwIEaPnx4yM+AjmbAgAGtKm4c9emn
nx6jjAAgsuRZIAJopQMHDujhh3+rysrKkD9PS0sL+8W5sqpSjzzyUFxPYz1w4IAeeeThNo2vqqpS
jz76cMzH194xPPJIy2NYu3atdu/eHfJnH3zwQcjt4dYkWb16ddh+QvX7pz/9KejRWykpKRo2bJjO
P/98XXjhhRo5cqRSU4Pr0M8++wwzOIA4t230Ps3/3ifOihupNV6Vf1ygwX/pruG/79n43wnPdlH5
xwVKrXFzSVef5dP8732ibaP3OYnXWm+99VbIxxJ26dJFJ5xwgjlORUVFyO0LFy5sfEpVqNkdLW3v
aP7zP29pdXFDOrLgNgDECjM40KEtWrxI993/Q91zz73q1rWb6TXbtm/Tr371Sy2Pw8VFm1u8eJH+
z/+5T3fffY+6Gse3ffs2/frXv4qb8S1evEgPPHCfvve91o3hV7/6lWmB1LVr12jcuJMDtn3++eda
u3ZtyPbz588Pur1EUuPjZK1eeeUVeb1effOb3zRfQNbV1envf/+7nnnmmVb1BSC6dg2p1OqrvnAS
K3NPmnq90UnlHxeGbXP0Z1sm7tGms3Y6KaqsvuoLZe5JU+H66D4Nbs2aNfrkk0/Uu3fvoJ+NHz/e
VEzOzs7WwIEDQ/5s9uzZAf9/6aWXBvx8/fr1MVtcO5707t1bQ4YMCdru9/v13nvvafr06Vq3bp1q
amrUuXNn9enTR0OGDNGgQYO0YsWKGGQMAEdQ4EAr+NV0xWv7q1z9JaR1ffvDtPc027xi+TL9xw3f
0pVXXq3TTjtN3bv3CPrrjd/v19atWzX7vVl65pmnj/z1pxXD8n8Z41i1l/zyhWm+bPkK/ceN/6Er
r7hSEyeepu7du4cd33vvzdYzzz7T+Nctc+9+yd8sAUv2fr/kC5d4E8uWLdcNN9ygK6+8SqedNrHl
YzS7yTEyWLFiRVCB40hxJ/QXhPfff0+33367MjO/mr5dXV2thQsXyO/3NeZi8a9/vaD58+fp2mu/
odGjR4ctdFRWVmrexx/rn//8Z1DhxdaTmxVJXS1s2rpzG7HW4Iuv2yt8cZZPc0fX3HChZGmOBjzT
Rak1KfI1e0+qz2oIWhC068xClc3N05LbPlV197Y/svqo5ddv0dDf9Yj67Spz5swJWeAYPny46fif
csopIZ90tXfvXs2cObMxxu9//3vt27dPY8aMUXp6utavX6+//vWv7Xrcd7IYOXJEyJksb7/9tn76
4IMB2z7ZtEmfbNqkt5suEtri23zoH4b6bLB9XETzMy5yI0sc2+dg9MZ19Pql3XEs+8dw3edq7JZr
TEvOlsH7onpMLedh29u09jrNVT6u+vKkpadFbGWZquesjTdyG2+TOKHurzTHsXxD9Uae8tlSV9fm
ddLX85NjsaW/H9yjZw82m7Jq2M8ew6NyLbNBTW0MxzRSm169jlffvv1UVFQkj+fIBdHGjRu1YWOz
KZeO8nHH1levXr3Up0/fL8fnaRzfxubja4nljcwUx95lU0eOUZ8mY9hz5BhFYVqsuwuXQKmpqRo8
eIiOO66ncnNz5fP5VHmgUhs/+UQrW/hrGAUOHGvr42y6ed8+fWKdQlhV3Wq19PbPnMyg6PxRvgY8
06Xx37XFh7T1tL3aPbRatcWHG7dn7klT54/y1e3dooCCx5qrv9D2Me2/zTC1xhv1Isdxxx2nJ554
Qt5m12CHDx/W5ZdfHvbWwqMeeOCBkOtrzJgxQz/72c+c5pqs7rjjDl100UVB22+//XYttjwxrIW3
+Z/+9CeaOHFiwLbq6mqdffbZwWEocLQbBY5IPUWxwBHFL/ntaWN53POxyMdVX8zgAJrZtOkTbdq8
KdZpHDObNm3Spk2JPb5Nmz7Rpk2fNNmS+F+Y6+vrtXjxIi1e3ORWl8QfFtBhuCxuFKzLCihubD1t
rzZctCNk29riw9p89m5tPW2v+rxQps4fHXm0dp8XylTVrbbdMznqs3xaevtnqvjVccrc0/IjQl3Z
vHmz1qxZE3SbSVpamiZOnKgXXnihxdeHurVCkmbOnOksx2TXdJbiUX6/X6tWrYpBNgBgR4EDAACg
HeqzGrT2mm1OihupNV4NeKa88d/WmRj1WT6tuXqbJKnzRwVKrUnRgGe6aOG9m9udU32WTyv/43MN
/V2PoNtijpUPP/ww5DoaI0eObLHAMWzYMJWVlQVt37Fjhz788MOAbddcc40GDRoUsK22tlY//vGP
W8ytU6dOOvvsszVy5Eh17dpVeXl58ng8qqqq0pYtW7Rw4UK99NJL2rcveKHWM844Q5MnTzb3ef/9
9we0v++++/Tee+8FtZs0aZLOPPPMVo+lqab74+STTw76ucfjCYr324ce0s6dO9W3b1/dcP31Qa95
7bXXA9Y9aY/S0tIv9/sIdevWrXG/V1ZWauvWrVqwYIFefPHFkPs9lN69e+uCCy7QiSeeqC5duig7
O1sNDQ2qrKzS7t27tGTJUs2cOZM1RYAEQ4EDAACgHdZc/YWqurVu7aJwur1b1DhTYvfQqlbfZrLm
6m3K2J2qwvU5yt2aqc4f5Tu5VaWqW53WXP2FBv25e7tjWcyYMUPXXntt0JOyBg8e3OLrTj311JDb
P/7446Bt/fv3D/oiX11d3WL8a665Rpdffrny8/ODfpaZmalOnTpp+PDhmjZtmp588smgYkxlZWXI
4sETTzyhzZsDi1GFhYWaNGlSwLYzzjgjZIFj7NixQXFbO9si1P5orvnP//inP0mSCgoKQr7W1YKt
X//613X55ZeroCD0fi8tLdXw4cN10UUX6W9/+5uef/75sLGys7N166236pxzzgl6DLskZWVlqays
VAMHDtSll16id955R3/84x+1Y8dOJ2MBcGxR4Iiypyp36amq0PeO2tYEMawtYloXI3Kba7KLdGV2
ceScAADooDafvUu7h7b8pbg1On905AtcfVZD2NtSItl48U5V/CqnMZ6LAock7R5arc1n79Jxr3dy
Eq8l27Zt08qVKzVs2LCA7QUFBTrllFPCPsr7pJNOCrn97bffbndOP/jBD/S1r33N1LaoqEi33367
iouL9ec//7lx+8KFC1VdXa2cnMCn0wwdOjSowDFhwoSgL+DNZ5wc1atXr6BtyXI7yQ9/+AOdddZZ
prZFRUW64447VFxcrMceeyzo59nZ2fr1r38ddF6Fk5KSoilTpqhPnz767nfv1O7du1qVO4Doc/PQ
dAAAgA5mX99qbT675QUvWyNnS3rj7I39/WoCFhNtjapudarqVitJKlyfo9Qad5d7m8/erX193RV0
WhKuiDFu3LiQ28vLy0M+feWzzz5r9aO8m7v55pvNxY2jPB6Prr766oBZGPX19Vq3bl1Q2379+gVt
q6ioCNpWVlYWssjRo0ePoG1LLIuBxrlbbrnFXNw4yuPx6Jprrgn5SPdvf/vbIYsbPp9PO3bs1J49
e0IuYti7d2/dd98PW5UHgNhgBgcAAEAbbD1tr9N4mXu+uh1jX9+D7Yq1e2hV45NPcrZkaH+/mnbF
a2rraXtVuD4ncsN2mjFjhq6//nplZGQEbA/31/dJkyaFvOXgo48+alcew4cP18UXXxy03efzac6c
OVq5cqU8Ho8GDhyosWPHBuTg9Xp10003BSxwumLFCg0fPjwgVqgZGOFma5xyyikB60KceOKJQTNC
6urqNHfuXNsAv/Tyyy9r/vz5kqTLLrssZNHkt7/9bcD617t2HbsZDSeddJIuuST0fv/wwzlauXKF
PB6vBg48QePGjQva7zfffLPeeeedxm05OTkhi1SrVq3Sr3/9a61bt16SNHz4MH3/+99X9+6Bt2ON
GjVKI0aM0IIFC1wNEcAxQIEDAACgDVwWDSQFPIr16AyMtnKx4Gk4rscdzt69e7V06VKNGjUqYHuP
Hj3Uu3dvbdy4MWB7qBkPfr9fM2bMaFcel112WdBaIH6/X7/73e/0r3/9K2D7+eefr7vuuivgVuDy
8nKdffbZev311yVJCxYs0NVXXx3wup49ewb8e9CgQSEXS5WO3M7SvG1zGzZsUG1t686ho8UN6UjR
[...]
y7D8x5+qzb+oqAiLPv0cK1f/YjT/slhJ+GrpN1j+Y1S1sS5fuYqolauEtoEaruTkFCz86GOcPHkK
JVXOA6UlJbhwIR7/+c8ibN26XXu7r29zgw/19+/fx8eLPsH6dRtw+5bh6zIAFBYWIDY2Fh988CGu
Xr0mf2MkSkpKwr///R+cPn3aYA6bkpISnDlzBosWLdZbJrNU0qTlply+fAVRK6NQUGWyZh6zRERE
gMrR1cn8QjNCy47KaSM0YZZdzftycXZGaEgofLy94dioEQry83EjJRmXr14xm85/PliIVkFl1x3/
39IvsXvvHgBAaEgoAvxbwNHREZ7rGcAAAB/KSURBVBkZGTgdF4ei+8YLKdWVkloFtURQYBDcXN1w
r+gekm7eQELVpV9NbJeulkEt0TIgEK5ubigqKqo+jonHsKlPE7QLCYWriyty8/JwLv4C7mQbXmoj
kk9lI8Ob1OqyUTXNmzaDRqPB7cxMnD4XZ3QSxKo+evs9tAwsu377y/8tw57YfQCA0LbBCPBvAQd7
B2RkZeLMuTi9ORKqTaieSFu6VWiVRlnbJbZcsVkaOXGMbZdarUbH9u3RrGlTaDQaZGRm4kyVCTlr
0ldQYCCCAgLg6uqKe/eKcDM52cgSsqbzcXV1QZdOYXBzd0Nebh7iLyYgM7P6y3DatGoFfz8/uLi4
IDc3F9cSE5Gaql+oFN2nrVq1RAs/P7i4OCM3N88glkgcN1cXhHXqBHd3N+Tm5iHh4kUj2yDpuSGJ
WF8CB4/QcmsKrskmbZnY2uXs4eGBhx5qB3c3N+QX5OPy5StIN1EINCcwMBBBgQFwcXFBUVERbt26
hfj4BKHX+rqRtb8q4zRp4oPg4BC4ubmWHSMJCdploN999x0EBAQAAL766iscOXJUUv9V6DzpXV1d
ERYWBnc3N+TmleWjO3mrtWi4ZRfre7UzH0VSzkLFNFnnCwW3XdEioQ0eGQqem8SWZRU5v4vkLCsf
88VtoTiS8hHadiXzUXC7HpgCR+3jmC5wVLYRGAgjMlZGwcfQVIGjSitJ+Yh0Jf5Cb6rAIZwPCxxm
I9W9Beq1wFGbSLLeSInkI2u7ZO1TWTmzwKEQCxc46i2O0BsgWZTbdicnJ3zyyeLy+X80ePPNfyI5
uZ6WJbfBz0Q2mLIg63u1Mx+FBY7qG9nePlUUCxxm2rDAYS6SlDgCbeylvcmW9cFb1muvnDBQlf9n
6nfRzuR9SFPwpCJtX8j+4F25D4zuD8Eo1qKhnk5tsS/rKo+JsbZ8RE5xsnJWsi8lKVkGUJSSO16S
CRMmwMmpEdas+cVkm7Fjx2gnN05Pv1X74oaCT1ZbPC4aLu4NRYh9MyMrkBQin4nk1Y1t8Mxjg+cU
WUQ2XcnNsrZ8GuQko0RERER1MWBAf0yaFAGVSoWmTZti9erVuH07Q3u/Wq3G2LFjMGbMGO1te/fu
tUSqREREVI4FDiIiIqIqUlNTUVBQCFdXV/Ts2RNdu3ZFYmIisrOz4eDggICAAHh6Vi7jHhcXh99+
22LBjImIiIgFDiIiIqIqLl++gk8++RRPPhmJVq1aw97eHm3atDFop9GU4sCBg/jhhxUWyJKIiIh0
scAh4Fride3qKDlGlqckZV1PSsT9iv2Ry/1BRET148qVK3j33fcRFtYJXbp0QevWrdG4cWMAQG5u
Lq5fv469e/fhypXqV2QjIiIiZagauTqbnfND1ook0iYZlbXaiKKrsch6fGStomI+jLRZsmWttCI2
m6tAE+ua/lLavFfWNmO5wCoqQnGsbrUR6+pL2dVPZG27clQ2uIqK2GzkQpEaZhxF95eC06JxklEb
o+T01rJ6eoBXUZG2QoqCK9ZZ2ySjsk6nslYtEUpIuRVblFxFRdHtkpWPgquoiHzMJSIiIiIiIiKy
aixwEBEREREREZHNY4GDiIiIiIiIiGyevcg1aWLXrSl4jZyCOUuLIxBFaP4IabtCubkGRMjrSdY1
n3L6kteTdV07al3ZkHJErq5tqHtVZLtErkFVrCuZgSSRlI+sE6qiz2c5j3NDPbqsj3U90tKyaaDz
vEibXkMWofng5Lz+KDpPh8h2Cc3FIIe1neEkTRUocV4VAVb2IAqlIzI9Zp0zISIiIiIiIiKyMBY4
iIiIiIiIiMjmscBBRERERERERDaPBQ4iIiIiIiIisnkscBARERERERGRzWOBg4iIiIiIiIhsHgsc
RERERERERGTzWOAgIiIiIiIiIptnr1KpzDYSaQOROHYiccw3EepLVs4iCQl1JbRhcvKRRKwnkZzl
9aYU68pGjJI5yzouoJH1/DFPJGcl+1KWRqCNteWsIKHnqpV1JWt3Sdouqp6yrwkNdac2zNcooa2S
18jmCL19FiLpPCjp7Y8YOceyyGOoUfRlwwZfoxro+wSVpJwF3s7LeysqEIcjOIiIiIiIiIjI5rHA
QUREREREREQ2jwUOIiIiIiIiIrJ5LHAQERERERERkc1jgYOIiIiIiIiIbB4LHERERERERERk81jg
ICIiIiIiIiKbxwIHEREREREREdk8ezuVynwrgTYqkTgQaSMQRcmchZrI2naBnAWiiMWRlLNQGOW2
S4yk56GUKIKRRJpo5GUkg7y9ZV37S8k4ij7HJIWRlrNGwb5EiHQmkLOsrqQR6kygkUbSxiv5QEt7
pGXlI0DW/mqglN3yhvk4S9sqJc8XIpQ7DdomWS+9kuKIfEQTOu3Ieh5KepnXCH1eFopktoVKIGdp
Hx2E9qn5zkT2qchDyBEcRERERERERGTzWOAgIiIiIiIiIpvHAgcRERERERER2TwWOIiIiIiIiIjI
5rHAQUREREREREQ2jwUOIiIiIiIiIrJ5LHAQERERERERkc1jgYOIiIiIiIiIbJ69ys58jUOlUpmP
JNREoJGdpL6EcpbTRiSMknHE+hLpTIRAXyI7TE5XQo1kbbnMSDL6EtqlGjl9iUWR9bohicC2K3dU
SHs6C1Fyu2SR9hIlkrVG6MCQ0pUQjbSDWYCkvuS9AAlQsi8Ryh0ZSh6Dyj6GIpTdeusi6b2Ngice
JV/CxcI8yM8f84ReVRU8XQidlkXeQwrEkfZKJ/L5S9b7DYGNF9lfIo+PrENHI7Dtsp4bHMFBRERE
RERERDaPBQ4iIiIiIiIisnkscBARERERERGRzWOBg4iIiIiIiIhsHgscRERERERERGTzWOAgIiIi
IiIiIpvHAgcRERERERER2TwWOIiIiIiIiIjI5tnbqczXOFQqgUgijSTFUUnqSyyODfYl9kBLSUes
kXJxxKJIyllaHDmE9rus3aVR7jGUtk+VPHYEosiLI4ct5iyN0OuPRqCJpDhCD6KkvoQI9KUR6UtO
zsq+zst6DAVY3cGj5Hm5oVJu65U8Vyr5PkrR54+VPVmVfJVX8tQkcrpQ8rQsbbcrmY+sx0ekK0lJ
y3s+m4/EERxEREREREREZPNY4CAiIiIiIiIim8cCBxERERERERHZPBY4iIiIiIiIiMjmscBBRERE
RERERDaPBQ4iIiIiIiIisnkscBARERERERGRzWOBg4iIiIiIiIhsnr2dnfkah0olEEmkjUgjgc7E
8hHpSySMleUsFEZOzrL2qdhmydl2aY+hlChyI5mlEWkksL+Ewii3XSqRjAS2XSiOpP2l4F4XO95F
4iiYtZKPj9hxIULkNVOkM5Gtl5W0rEda5ACTc5wqS87+UvIUpyQbTLkBk7U3FDzHKfg+QdpxaoPP
emkZy3oJFzpdmO9MIxBIaNs1An0p95FI6PEROjNJershlrKs9zZyiLy0cAQHEREREREREdk8FjiI
iIiIiIiIyOaxwEFERERERERENo8FDiIiIiIiIiKyeSxwEBEREREREZHNY4GDiIiIiIiIiGweCxxE
REREREREZPNY4CAiIiIiIiIim2dvZ2e+xqFSCUQSaiQpjEgjgTZiKYv0JRJGJB9Zj6GsnIV6k9JG
0qZLDKQkgcdHIxJGuW0X6kkjbaeabyHtuSonjryepB2oCkWRF0laPkIHj7TOFOxLFoHHR9axLPZC
JqGFjWqgG9ZAN0thSj6KCh6Dir5vsa7HUFo6Cp7iVAKdaYQ2TM65QIjIeUfoHKdcziKHhUYkHVmf
HQQ6E3puCOUsZ19wBAcRERERERER2TwWOIiIiIiIiIjI5rHAQUREREREREQ2jwUOIiIiIiIiIrJ5
LHAQERERERERkc1jgYOIiIiIiIiIbB4LHERERERERERk81jgICIiIiIiIiKbZ6+2E6hxqERCCTQS
aaKSFEdSPmA+dW4kkrI8ym2XNBrzTcQeQ0UfaPMk7XiVRlIcRR8fgeNCwXyEXldl9aVYT6IEMhI4
BuUR6czKHkVJ6agUfZytjJXtUhE2mHIDJus8qGgjBePI6skGn/WKvl2V9J7fys4FKoGENCrzn5dV
GoE4AvmIvUsw/0BrVKXm24h8BhHIR+y5IfD4iCQk0BdHcBARERERERGRzWOBg4iIiIiIiIhsHgsc
RERERERERGTzWOAgIiIiIiIiIptnb+kEiIiIqGFRq9Xo26c3evTogU6dOsDX1xdurq4AgNzcXKSk
pCI+PgGHDh3G4cOHUVJSYuGMicjauLm5Yfr0aRg/fjx27dqFRYs+sXRKRGQDVE2bNzM/XSlXUalz
nAabD1dRqTtJMxhb3+zfXEWl+hZcRcVqWN0qKkqSm4+zszMmTYzA5EkT0aRJE6G+MjIysHHjZqxf
vx4FBYVS86megvvCBg8MG0y5AXuwVlFRq9UYN24snn76SXh4eAIoW11h1KjRknuqXasHlbRXTEmr
jYjFEYikZD7SchZpImcVFWmPj8hqNUIJmccCh9k2zKeujVjgMIMFjuqjsMBRZyxwmMECR52p1WpE
REzAU9Mj4enpWau+srNzsHz5D/j1198UGtHBAkd1bDDlBuzBKXD06tUTs2bNRMuWLQ3uGznyYYk9
1b7Vg4oFDglxWOAw0xULHGaaNNCCgrXlwwJH3dVDgaNPr96Y9/ob8PH2rm1WFnU7IwMfLVqEQ0cO
s8AhAQscZrDAUSe9evXE87NnoZWRDyR6PWk0KC0thVpd/fRf169fx1dfLcGRI0frnFv1WOCojg2m
3IA1/AJHy5YtMXv2TPTs2dNkaxY4LIsFDglxWOAw05WkAkdzf1+zkZT8MCz2IV+kiXUVXKQVgBR8
DJUsFihbA7GyD3tCx3LNcl7382p422hxo0JGRgYenTZNYkSBx1Co2KTkG00ln6t8Y1dXKkknZmXV
PucWLfzxwgvPo0/v3kbvz8vLQ3R0DA4dPozLl68gJycHpaWl8PDwwEMPtUOvXj0RPmIEXMvn5qgq
NvYAlixdips3k6XlXFMqqytIUUMj7z22WG/WRQUPj8Z4+umnMW7cGNjZqattbeoSFXlbpeS+UJCC
L2NCH87FAsnpS1JBQez0rmQcKyvcSNrvsgocnGSUiKySkqMOiEhcxcR/kydNhL29g8H9BQX5WLNm
LX5Zuw6FhYZzaty5cwcHDx7CwYOHsGzZt3jkkcmY+vhjcHHRL3T0798PvXv3xPoNG/HTTyuRl5dX
b9tERMqyt7fHpEmTEBk5DW5ubpZOh4gaEI7gMNeEIzgUicMRHFIiafXt3Qd/mzPXZkdx3M7IwKJP
P8XBQ4ckRuUIjmq7ssmvpaxLQx/BYWdnh9EPj8Kzz/0Znh6G82yUlpZi+44d+Pbb/+HOnewaZeHl
5YXnnvszRo0cCTs7w0tYsrKy8O3/vsOOHdEoLVVuxRWO4KD69iCO4OjZsyf++tfn0aJFC9QsJyVH
b1XmlZObg4sXL2Hbtu3Ys2evtG+ZFcMRHHWOwxEc5uJY1wgOFjjMNWGBQ5E4LHBIiSRJ/fWlezxp
NBqD57NKpSq7vfxfyb2bb8ICB9VBQy5wdOnSGc/PnoXg4GCj9588dQpff70Uly5dqlM2wcHBmD17
Jrp26WKYqUaDS5cu4eslS3Dq1Ok69SOKBQ6qbw9agePZZ/+MJ554QmpMpbZKAw0OHz6Cf/1rodHR
aVaLBY46x2GBw1wcFjjqHocFjjrHYYFDoa5EGj1ABQ7Dnqxsu1jgoDpoiAWO5s2aYfbsmRg0aJDR
+9PT0/H110uwZ+8+qVkNHz4Mf3nuWTRr1szo/X/s3Ilvv/kWaenpUvutigUOqm8PWoFj/fp1Jufd
qS1l30MCBw4cxIIF79rOSA4WOOochwUOc3Gsq8ChdnN3W2CuEQscdY/DAoeEMLJYW4FD4UjW1JfV
FTiEorDAQcb9//buNUaq8o7j+P/smWYlgsQhYqKCXVy5+IIW2G1UeKHVglgTFa/glQosNFVRUy+t
iLypgtFQL4FdaDAGFmnU1lpuNkhjBSyLWn3hgoKAtCYiu2ZZFFfYPX2huzLszJ6Hnf8853lmvp+E
hN159v/8z8yZOXN+c+acYroH+/TpI7fccpM89NCDMmTIkG63H/7msCxfvkIee2y+fPLJbvX5d+/e
I39fvUa+/bZNhg8fJj867lwfFRUVcsUVv5Ty8nLZsWOHHD16VL0HkeJ6TOGmUgs4BgxIy/Dhw1Vr
2g44Bg06S3bt2iX79v3X5swADHEER9wQAg4rdUo64OAIDmuzxeIIDuShGI7gCIJAfn7xxVJTMz3r
OXyiKJI3Nm6U2tol0tzcbKXDgQNPk2nT7pCLL7oo6zZ5/xf7ZenSP8nGjf9U/0SVIzhQaKUWcGSy
uD3tRaUwDGXw4MFSM3O6jB41KmPI22//Wx55JPYzYjdwBEfedTiCI66OW0dwEHDEDSHgsFKHgEOl
kpJi3akm4OhxKufe+PrH94DjvBEjZOasGjlvxIisIz9sbJTFi2rlw8ZGW811CYJARgwfnrO/KIqk
cXujLFq0WBobt+vNS8CBAiPgcKVK7kpBEMjcR+fIhRdc0DWkpeWgXHfdDWozFxQBR951CDji6hBw
5F+HgCPvOgQclqYyGUTAYW22WAQcyIOvAUc6nZYZ0++QSy65JOs2r7m5WeqWLJUNG95I/DvnZWVl
MmH8L2Tq1NuzHmHSeSWXZcueVznChIADhUbA4UqVniude26lPPfcMxlDxo+fqDZzQRFw5F2HgCOu
jmMBxxlnnRlfyeaOt4chiAnXghKj0EFri6G1XGocCzgsV7IliKyuQEoz+bce2uzZv7WwmOW/6S4v
L5drrpkkN95wvZzU56Rut7e1tcnLL78iq1atksOHv+lln4XRp08fufHGG2TSpKulvLy82+2Hv/5a
Xlz1Z3nllb9IW1tbjir+hRc8B5GL2rbAyzCl8EFJGIayes1rGb+7bMLlKvO6wOqrodUdb606Fnfg
i3a5TIaY9GPw/oeAQ2EuAwQcKoOU+LhD6N/bWgKO+Nl0qvi4PiN/+W26x469UGbNrJGBp2e/Ssmm
TZtl0aJa2b9/v9FcSTnzzDNk2rQ7ZOzYsVlv/+x/n8mSpUtl06bNWW51d7ly4TmIXAg4Cl9l3fo1
GT8TcPR2MgKOmEHxQ8wmM6hDwBEzxLEdeAKOvAcRcLg0k39vawk44mfTqeLj+oz89W7TXVl5jtTM
mCE/+enIrH+zc+cuWby4Tj744IMTmitpI0eOlJkzZ0hlZWXW29//z/uyuLZOdu3adcxv3V+u4/Ec
RC4EHIWvQsChNRkBR8yg+CFmkxnUIeCIGeLYDjwBR96DCDhcmsm/t7UEHPGz6VTxcX1G/k5s092/
/yky9fbbZeLECRKUlXUbe7DloCxb9rysXbdeOjo6TnguF4RhKJdfPlFuu/UWOaV//263d7S3y+o1
a+WFF16QlpaD4styHYvnIHIh4Ch8FQIOrckIOGIGxQ8xm8ygDgFHzBDHduAJOPIeRMDh0kz+va0l
4IifTaeKj+sz8me+6b7g/PPlt/ffJ3379u025uiRo/LXV1+V+voX5dChQ72eyyV9+/aVKVMmy9VX
XSlhKtXt9tbWVpk/f4Fs3bo1ge7yw3MQuRBwFL4KAYfWZAQcMYPih5hNZlCnOAOO7h/jAACAonHX
3b/JGm5sa3hHps+okbq6pT2EG/45dOiQ1NUtkZmzfi3bGrZ1u71fv35y1513JtAZAAAotO4fbQAA
gKLR0Z75lZO9ez+V2to62bbtnYQ6smPv3k/l9w/PkaqqKqmpmS6DBw9OuiUAAFBgBBxAEfpZdbXc
f+99MiCdTrCL7gd7RlFk9HWtpqYmeeKpp2RrQ0MhGgNKysI/Pi333jNboiiSl156WV7922vS3t6e
dFtWRFEkDQ0N8t5778lVV10p10y6Wjo6Inn6mWeSbg0AABQA5+DQmMsA5+BQGaTEx3MWnFill1a+
mHC4IZLv0jc1Ncl1kyfnXedEcA6OuLngDpVNt9pcvujcFn/3fWH/lovnIHLhHByFr8I5OLQm4xwc
MYPih5hNZlCnOM/BkQrD0KBQPLOdYcd28n0MQcwKKdXRKmNxI+flhtnAiZ6wMxJxbhlOUBAEUpbl
ag+9rqd2fxRr4KLFIDy10IU+t3aG9dYNk+Xy8RHrebm+2976t1x2O3ZrnbfLv3XDjIeBuNqnbfqC
suy9ubbtNnuV19lBNREZPKZm/cTXMdthNqijFUwYrc8GdUz6MVkPlcIUs35MmCx7fBVOMgoUoScX
LpTm5uak2+i1AwcOyJMLFybdBlCSqqurZGX9cllZv1yqq6uSbien6uoqqV+xXOpXuN0nAACwJxh0
9mCVyIUjOPLHERwqk7lWSIfaJVd7LwiCrnNodHbTmdgeu+7+kOIGGX+TzfGJb/Y6OjiCwxaO4LCh
kF8/WVm/XNLff8WtublZJk+5WW02TfUrlsuAAd/12dTULFNuOrZPtx4vLRzBYYufr1LxOIIjH2vX
rs74eeLEX2Yd59q22+yZbPEIDq1Ral95MKhj86slakdwmExVnEdwcJJRAEY6X7yyvYjlemHr6W96
Gg8gOeljzt+TTvxcPrl1hhvH/x8AAJQuvqICAAAAAAC8R8ABAAAAAAC8R8ABAAAAAAC8R8ABAAAA
AAC8R8ABAAAAAAC8lwrDUKWQc5eJVSqjtlxKZczacexysxapXWrXNUYXF7G57B5eaq5oL+/q42Ph
Ix+X3uSFI365ysq0Pgsp7FWSysqOXRa3Hi+3ugHyo7aNs/keW0VmL3qvjYVldg8ajFK7TKzOtsns
EqdKdbT2L4x6tnhpW4t1tC4Ba1LHj2cmAAAAAABADwg4AAAAACCHMGSXCfAFz1YAAAAAyKGiYkjS
LQAwRMABAAC6dHRkfr9V61xdmlzsCUBxCoJAbr75pozftbYeTKgbAHEIOAAAQJeWlpaMn4cMce+T
yx+ffXbGzwdbWxPqBECxCsNQKioqZM6ch6W6ujrjtu3bdyTUFYA4qaQbAKCvuqpK7pt9j6TT6d4X
iSK9K+kcf1rkXHW/H9f05Zfy1MKF0rBtm878AIzt3rNbTj11VNfPt912q8ydO1fa2zsS7OoHYRjK
1F9Nzfjdzp07E+oGgKZLL71UZsyYLieffPL3v3HpKio/eP31fyTdAoAcOIIDKEJ5hxsiupcJDoLM
fzHjBqTTcu/s2XrzAzC2afOWjJ/HjB4l8+bNk2HDhkoqldznIqlUSoYNGyrz5j0qY0aPzrht8+bN
CXUFQFNmuOGmhoYG2bJlS/xAAIngCA4ATnLzMxug+G3YsEGuv/ZaOf30gV2/GzN6lIwZPaqHv0rO
55/vlw0b3ki6DQAKjhw5knQLPXr33XdlwYInJDr+yFQAzggqz63UeYYa7Y0o7bIozaX2AbXFZdf7
UN2gkJdzOTWV9dk6VVdVyz133S3p9KmZN3iyPT7Q1CRPP/usbG1oMPwLpeeXShXdSvZmKt1Iyb0l
T/6JWll5jiyY/7iUl5+UdCs9amv7Rh548EH5+GO3v6Li3jqGYqP3VjTZtXXcuHEya9ZM6d+/f6J9
HOurr76SPXv2yNq16+TNN/8lHR1ufF3PSUrBj1EVg7n0tqYGc1kMvbTm0uvZ5P7RqWOCgEMDAYdD
czk1lfXZYlndb7K57AQcLlXyjXtLnnzAISIydOhQ+d1DD8hppw2MH5yAL77YL3947HH56KOPkm4l
lnvrGIpNsQQcySrlZVdCwGEFAUfPCDg0EHA4NJdTU1mfLRYBh4UqupXszeTYumqRe0vuRsAhIlJe
Xi6XTRgv48aNk0GDBkm/fv0S7ae1tVX27ftU3nprk6xbv17a2toS7ceUe+sYig0Bh4ZSXnYlBBxW
EHD0jIBDAwGHQ3M5NZX12WIRcFioolvJ3kyOrasWubfk7gQcnQLNkw7nLfLu++8u3XsoTgQcGkp5
2ZUQcFhBwNEzTjIKAAB65Fag4FIvAADAJVwmFgAAAAAAeI+AAwAAAAAAeI+AAwAAAAAAeI+AAwAA
AAAAeC8VhmH8KKfOnm75bO5aF37xsGf3Lm3i2pUyXKO0ZM6dv8+tRyxwrB8zBleVstAFbLP3ZC7e
9ce5F0QUGbO3h8X7DNPBNi5fNq82ojTEkFY/XCHFwhDjUXE4ggMAAAAAAHiPgAMAAAAAAHiPgAMA
AAAAAHiPgAMAAAAAAHiPgAMAAAAAAHiPgAMAAAAAAHiPgAMAAAAAAHiPgAMAAAAAAHgvFaZSKoUC
lSoiEqhVUmHWjlLPbi26e4+F4ijkq1jvZ53lKuV1tTiXCjoiazOV9npo735GnFJeE+OXXW/fQatQ
CVN62dB79bHXUGTzNTOKn0urm8hgLsNKOlWMyujMxREcAAAAAADAewQcAAAAAADAewQcAAAAAADA
ewQcAAAAAADAewQcAAAAAADAewQcAAAAAADAewQcAAAAAADAewQcAAAAAADAe6lUGBoMCwreSNdM
9qYyY7Mhx5Y9MGnIsZ7NeNl0kbL4WET2pnLvuePfOu9fxy6yuNJ7yd79w/oMN5TymljKy67FsW1K
FN+P3Y4N+lFryK25tMqYzRQ/iiM4AAAAAACA9wg4AAAAAACA9wg4AAAAAACA9wg4AAAAAACA9wg4
AAAAAACA9wg4AAAAAACA9wg4AAAAAACA9wg4AAAAAACA91KpMKVTKdApo8egIcd6Dqz2Y3Eyx+5n
BxvyT2RzMrceL7vduLXsNtl9PYQ7rL64OIVVHqWHtb40GbzO6wxRpDNbpNa0zfvQre2yyX3IERwA
AAAAAMB7BBwAAAAAAMB7BBwAAAAAAMB7BBwAAAAAAMB7BBwAAAAAAMB7BBwAAAAAAMB7BBwAAAAA
AMB7BBwAAAAAAMB7/wdI++X0TpkIngAAAABJRU5ErkJggg==
" width="800px"&gt;</msg>
<status status="PASS" starttime="20230130 12:00:21.471" endtime="20230130 12:00:22.204"/>
</kw>
<msg timestamp="20230130 12:00:22.205" level="INFO">xpath criteria: //android.widget.EditText[@text='First name']
xpath criteria: //android.widget.EditText[@text='First name']
xpath criteria: //android.widget.EditText[@text='First name']
xpath criteria: //android.widget.EditText[@text='First name']
xpath criteria: //android.widget.EditText[@text='First name']
xpath criteria: //android.widget.EditText[@text='First name']
xpath criteria: //android.widget.EditText[@text='First name']
xpath criteria: //android.widget.EditText[@text='First name']
xpath criteria: //android.widget.EditText[@text='First name']
xpath criteria: //android.widget.EditText[@text='First name']
xpath criteria: //android.widget.EditText[@text='First name']
xpath criteria: //android.widget.EditText[@text='First name']
xpath criteria: //android.widget.EditText[@text='First name']
xpath criteria: //android.widget.EditText[@text='First name']
xpath criteria: //android.widget.EditText[@text='First name']
xpath criteria: //android.widget.EditText[@text='First name']
xpath criteria: //android.widget.EditText[@text='First name']
xpath criteria: //android.widget.EditText[@text='First name']
xpath criteria: //android.widget.EditText[@text='First name']
xpath criteria: //android.widget.EditText[@text='First name']
xpath criteria: //android.widget.EditText[@text='First name']
xpath criteria: //android.widget.EditText[@text='First name']
xpath criteria: //android.widget.EditText[@text='First name']
xpath criteria: //android.widget.EditText[@text='First name']
xpath criteria: //android.widget.EditText[@text='First name']
xpath criteria: //android.widget.EditText[@text='First name']
xpath criteria: //android.widget.EditText[@text='First name']
xpath criteria: //android.widget.EditText[@text='First name']
xpath criteria: //android.widget.EditText[@text='First name']
xpath criteria: //android.widget.EditText[@text='First name']
xpath criteria: //android.widget.EditText[@text='First name']
xpath criteria: //android.widget.EditText[@text='First name']
xpath criteria: //android.widget.EditText[@text='First name']
xpath criteria: //android.widget.EditText[@text='First name']
xpath criteria: //android.widget.EditText[@text='First name']
xpath criteria: //android.widget.EditText[@text='First name']
xpath criteria: //android.widget.EditText[@text='First name']
xpath criteria: //android.widget.EditText[@text='First name']
xpath criteria: //android.widget.EditText[@text='First name']
xpath criteria: //android.widget.EditText[@text='First name']
xpath criteria: //android.widget.EditText[@text='First name']
xpath criteria: //android.widget.EditText[@text='First name']
xpath criteria: //android.widget.EditText[@text='First name']
xpath criteria: //android.widget.EditText[@text='First name']
xpath criteria: //android.widget.EditText[@text='First name']
xpath criteria: //android.widget.EditText[@text='First name']
xpath criteria: //android.widget.EditText[@text='First name']
xpath criteria: //android.widget.EditText[@text='First name']
xpath criteria: //android.widget.EditText[@text='First name']
xpath criteria: //android.widget.EditText[@text='First name']
xpath criteria: //android.widget.EditText[@text='First name']
xpath criteria: //android.widget.EditText[@text='First name']
xpath criteria: //android.widget.EditText[@text='First name']
xpath criteria: //android.widget.EditText[@text='First name']
xpath criteria: //android.widget.EditText[@text='First name']
xpath criteria: //android.widget.EditText[@text='First name']
xpath criteria: //android.widget.EditText[@text='First name']
xpath criteria: //android.widget.EditText[@text='First name']
xpath criteria: //android.widget.EditText[@text='First name']
xpath criteria: //android.widget.EditText[@text='First name']
xpath criteria: //android.widget.EditText[@text='First name']
xpath criteria: //android.widget.EditText[@text='First name']
xpath criteria: //android.widget.EditText[@text='First name']
xpath criteria: //android.widget.EditText[@text='First name']
xpath criteria: //android.widget.EditText[@text='First name']
xpath criteria: //android.widget.EditText[@text='First name']
xpath criteria: //android.widget.EditText[@text='First name']
xpath criteria: //android.widget.EditText[@text='First name']
xpath criteria: //android.widget.EditText[@text='First name']
xpath criteria: //android.widget.EditText[@text='First name']
xpath criteria: //android.widget.EditText[@text='First name']
xpath criteria: //android.widget.EditText[@text='First name']
xpath criteria: //android.widget.EditText[@text='First name']
xpath criteria: //android.widget.EditText[@text='First name']
xpath criteria: //android.widget.EditText[@text='First name']
xpath criteria: //android.widget.EditText[@text='First name']
xpath criteria: //android.widget.EditText[@text='First name']
xpath criteria: //android.widget.EditText[@text='First name']
xpath criteria: //android.widget.EditText[@text='First name']
xpath criteria: //android.widget.EditText[@text='First name']
xpath criteria: //android.widget.EditText[@text='First name']
xpath criteria: //android.widget.EditText[@text='First name']
xpath criteria: //android.widget.EditText[@text='First name']
xpath criteria: //android.widget.EditText[@text='First name']
xpath criteria: //android.widget.EditText[@text='First name']
xpath criteria: //android.widget.EditText[@text='First name']
xpath criteria: //android.widget.EditText[@text='First name']</msg>
<msg timestamp="20230130 12:00:22.205" level="FAIL">Element 'xpath=//android.widget.EditText[@text='First name']' did not appear in 30 seconds</msg>
<status status="FAIL" starttime="20230130 11:59:50.759" endtime="20230130 12:00:22.208"/>
</kw>
<kw name="Input Text" library="AppiumLibrary">
<arg>xpath=//android.widget.EditText[@text='First name']</arg>
<arg>Radhika</arg>
<doc>Types the given `text` into text field identified by `locator`.</doc>
<status status="NOT RUN" starttime="20230130 12:00:22.208" endtime="20230130 12:00:22.209"/>
</kw>
<kw name="Input Text" library="AppiumLibrary">
<arg>xpath=//android.widget.EditText[@text='Last name']</arg>
<arg>Kavishwar</arg>
<doc>Types the given `text` into text field identified by `locator`.</doc>
<status status="NOT RUN" starttime="20230130 12:00:22.209" endtime="20230130 12:00:22.209"/>
</kw>
<kw name="Input Password" library="AppiumLibrary">
<arg>xpath=//android.widget.EditText[@text='Password']</arg>
<arg>Radhika1234</arg>
<doc>Types the given password into text field identified by `locator`.</doc>
<status status="NOT RUN" starttime="20230130 12:00:22.210" endtime="20230130 12:00:22.210"/>
</kw>
<kw name="Click Element" library="AppiumLibrary">
<arg>xpath=(//*[@class='android.widget.ImageView'])[4]</arg>
<doc>Click element identified by `locator`.</doc>
<status status="NOT RUN" starttime="20230130 12:00:22.210" endtime="20230130 12:00:22.210"/>
</kw>
<kw name="Click Element" library="AppiumLibrary">
<arg>xpath=(//android.widget.TextView[@text='Sign up'])[2]</arg>
<doc>Click element identified by `locator`.</doc>
<status status="NOT RUN" starttime="20230130 12:00:22.210" endtime="20230130 12:00:22.210"/>
</kw>
<kw name="Get Source" library="AppiumLibrary">
<var>${page_source}</var>
<doc>Returns the entire source of the current page.</doc>
<status status="NOT RUN" starttime="20230130 12:00:22.210" endtime="20230130 12:00:22.210"/>
</kw>
<kw name="Log To Console" library="BuiltIn">
<arg>${page_source}</arg>
<doc>Logs the given message to the console.</doc>
<status status="NOT RUN" starttime="20230130 12:00:22.210" endtime="20230130 12:00:22.210"/>
</kw>
<kw name="Close Application" library="AppiumLibrary" type="TEARDOWN">
<doc>Closes the current application and also close webdriver session.</doc>
<status status="PASS" starttime="20230130 12:00:22.210" endtime="20230130 12:00:22.946"/>
</kw>
<status status="FAIL" starttime="20230130 11:59:28.363" endtime="20230130 12:00:22.946">Element 'xpath=//android.widget.EditText[@text='First name']' did not appear in 30 seconds</status>
</test>
<doc>Two test cases one for creating account and second for swap and select the story ,one skip
is to be selected manually as xpath is not proper(captcha).</doc>
<status status="FAIL" starttime="20230130 11:59:28.016" endtime="20230130 12:00:22.948"/>
</suite>
<statistics>
<total>
<stat pass="0" fail="1" skip="0">All Tests</stat>
</total>
<tag>
</tag>
<suite>
<stat pass="0" fail="1" skip="0" id="s1" name="Demo1">Demo1</stat>
</suite>
</statistics>
<errors>
</errors>
</robot>
