<?xml version="1.0" encoding="UTF-8"?>
<robot generator="Robot 6.0.2 (Python 3.9.13 on win32)" generated="20230206 11:55:59.855" rpa="false" schemaversion="3">
<suite id="s1" name="Adding to cart" source="C:\Users\40032431\Documents\OpenCart_Automation\3__Acitivities\01__Adding_to_cart.robot">
<test id="s1-t1" name="Adding to Cart" line="9">
<kw name="Launch Browser And Navigate to Url" library="Common_Functions" type="SETUP">
<kw name="Open Browser" library="SeleniumLibrary">
<arg>browser= ${BROWSER_NAME}</arg>
<doc>Opens a new browser instance to the optional ``url``.</doc>
<msg timestamp="20230206 11:56:00.285" level="INFO">Opening browser ' edge' to base url 'None'.</msg>
<status status="PASS" starttime="20230206 11:56:00.285" endtime="20230206 11:56:02.121"/>
</kw>
<kw name="Maximize Browser Window" library="SeleniumLibrary">
<doc>Maximizes current browser window.</doc>
<status status="PASS" starttime="20230206 11:56:02.122" endtime="20230206 11:56:02.293"/>
</kw>
<kw name="Set Selenium Implicit Wait" library="SeleniumLibrary">
<arg>20s</arg>
<doc>Sets the implicit wait value used by Selenium.</doc>
<status status="PASS" starttime="20230206 11:56:02.293" endtime="20230206 11:56:02.300"/>
</kw>
<kw name="Go To" library="SeleniumLibrary">
<arg>${URL}</arg>
<doc>Navigates the current browser window to the provided ``url``.</doc>
<msg timestamp="20230206 11:56:02.303" level="INFO">Opening url 'https://www.opencart.com/'</msg>
<status status="PASS" starttime="20230206 11:56:02.303" endtime="20230206 11:56:09.603"/>
</kw>
<status status="PASS" starttime="20230206 11:56:00.285" endtime="20230206 11:56:09.603"/>
</kw>
<kw name="Click Element" library="SeleniumLibrary">
<arg>link=Demo</arg>
<doc>Click the element identified by ``locator``.</doc>
<msg timestamp="20230206 11:56:09.603" level="INFO">Clicking element 'link=Demo'.</msg>
<status status="PASS" starttime="20230206 11:56:09.603" endtime="20230206 11:56:11.593"/>
</kw>
<kw name="Click Element" library="SeleniumLibrary">
<arg>xpath=//span[contains(text(),'View Store Front')]</arg>
<doc>Click the element identified by ``locator``.</doc>
<msg timestamp="20230206 11:56:11.598" level="INFO">Clicking element 'xpath=//span[contains(text(),'View Store Front')]'.</msg>
<status status="PASS" starttime="20230206 11:56:11.593" endtime="20230206 11:56:11.725"/>
</kw>
<kw name="Switch Window" library="SeleniumLibrary">
<arg>url=https://demo.opencart.com/</arg>
<doc>Switches to browser window matching ``locator``.</doc>
<status status="PASS" starttime="20230206 11:56:11.726" endtime="20230206 11:56:14.341"/>
</kw>
<kw name="Click Element" library="SeleniumLibrary">
<arg>xpath=//a[text()='Components']</arg>
<doc>Click the element identified by ``locator``.</doc>
<msg timestamp="20230206 11:56:14.341" level="INFO">Clicking element 'xpath=//a[text()='Components']'.</msg>
<status status="PASS" starttime="20230206 11:56:14.341" endtime="20230206 11:56:14.415"/>
</kw>
<kw name="Click Element" library="SeleniumLibrary">
<arg>partial link=Monitors (2)</arg>
<doc>Click the element identified by ``locator``.</doc>
<msg timestamp="20230206 11:56:14.415" level="INFO">Clicking element 'partial link=Monitors (2)'.</msg>
<status status="PASS" starttime="20230206 11:56:14.415" endtime="20230206 11:56:14.926"/>
</kw>
<kw name="Click Element" library="SeleniumLibrary">
<arg>partial link=Samsung SyncMaster 941BW</arg>
<doc>Click the element identified by ``locator``.</doc>
<msg timestamp="20230206 11:56:14.926" level="INFO">Clicking element 'partial link=Samsung SyncMaster 941BW'.</msg>
<status status="PASS" starttime="20230206 11:56:14.926" endtime="20230206 11:56:15.868"/>
</kw>
<kw name="Input Text" library="SeleniumLibrary">
<arg>id=input-quantity</arg>
<arg>2</arg>
<doc>Types the given ``text`` into the text field identified by ``locator``.</doc>
<msg timestamp="20230206 11:56:15.868" level="INFO">Typing text '2' into text field 'id=input-quantity'.</msg>
<status status="PASS" starttime="20230206 11:56:15.868" endtime="20230206 11:56:15.999"/>
</kw>
<kw name="Element Should Contain" library="SeleniumLibrary">
<arg>xpath=//h1[contains(text(),'Samsung SyncMast')]</arg>
<arg>Samsung SyncMaster</arg>
<doc>Verifies that element ``locator`` contains text ``expected``.</doc>
<msg timestamp="20230206 11:56:16.040" level="INFO">Element 'xpath=//h1[contains(text(),'Samsung SyncMast')]' contains text 'Samsung SyncMaster'.</msg>
<status status="PASS" starttime="20230206 11:56:15.999" endtime="20230206 11:56:16.041"/>
</kw>
<kw name="Click Element" library="SeleniumLibrary">
<arg>id=button-cart</arg>
<doc>Click the element identified by ``locator``.</doc>
<msg timestamp="20230206 11:56:16.041" level="INFO">Clicking element 'id=button-cart'.</msg>
<status status="PASS" starttime="20230206 11:56:16.041" endtime="20230206 11:56:16.125"/>
</kw>
<kw name="Sleep" library="BuiltIn">
<arg>5s</arg>
<doc>Pauses the test executed for the given time.</doc>
<msg timestamp="20230206 11:56:21.126" level="INFO">Slept 5 seconds</msg>
<status status="PASS" starttime="20230206 11:56:16.125" endtime="20230206 11:56:21.126"/>
</kw>
<kw name="Close Browser" library="SeleniumLibrary" type="TEARDOWN">
<doc>Closes the current browser.</doc>
<status status="PASS" starttime="20230206 11:56:21.126" endtime="20230206 11:56:23.518"/>
</kw>
<status status="PASS" starttime="20230206 11:56:00.277" endtime="20230206 11:56:23.518"/>
</test>
<doc>This file contains selecting item and putting in cart.</doc>
<status status="PASS" starttime="20230206 11:55:59.866" endtime="20230206 11:56:23.518"/>
</suite>
<statistics>
<total>
<stat pass="1" fail="0" skip="0">All Tests</stat>
</total>
<tag>
</tag>
<suite>
<stat pass="1" fail="0" skip="0" id="s1" name="Adding to cart">Adding to cart</stat>
</suite>
</statistics>
<errors>
</errors>
</robot>
